Flow report for module_2
Wed Apr 08 11:27:57 2015
Quartus II 64-Bit Version 13.0.1 Build 232 06/12/2013 Service Pack 1 SJ Web Edition


---------------------
; Table of Contents ;
---------------------
  1. Legal Notice
  2. Flow Summary
  3. Flow Settings
  4. Flow Non-Default Global Settings
  5. Flow Elapsed Time
  6. Flow OS Summary
  7. Flow Log
  8. Flow Messages
  9. Flow Suppressed Messages



----------------
; Legal Notice ;
----------------
Copyright (C) 1991-2013 Altera Corporation
Your use of Altera Corporation's design tools, logic functions 
and other software and tools, and its AMPP partner logic 
functions, and any output files from any of the foregoing 
(including device programming or simulation files), and any 
associated documentation or information are expressly subject 
to the terms and conditions of the Altera Program License 
Subscription Agreement, Altera MegaCore Function License 
Agreement, or other applicable license agreement, including, 
without limitation, that your use is for the sole purpose of 
programming logic devices manufactured by Altera and sold by 
Altera or its authorized distributors.  Please refer to the 
applicable agreement for further details.



+--------------------------------------------------------------------------------------+
; Flow Summary                                                                         ;
+------------------------------------+-------------------------------------------------+
; Flow Status                        ; Successful - Wed Apr 08 11:27:53 2015           ;
; Quartus II 64-Bit Version          ; 13.0.1 Build 232 06/12/2013 SP 1 SJ Web Edition ;
; Revision Name                      ; module_2                                        ;
; Top-level Entity Name              ; module2                                         ;
; Family                             ; Cyclone II                                      ;
; Device                             ; EP2C35F672C6                                    ;
; Timing Models                      ; Final                                           ;
; Total logic elements               ; 6,437 / 33,216 ( 19 % )                         ;
;     Total combinational functions  ; 5,793 / 33,216 ( 17 % )                         ;
;     Dedicated logic registers      ; 3,963 / 33,216 ( 12 % )                         ;
; Total registers                    ; 4031                                            ;
; Total pins                         ; 177 / 475 ( 37 % )                              ;
; Total virtual pins                 ; 0                                               ;
; Total memory bits                  ; 139,776 / 483,840 ( 29 % )                      ;
; Embedded Multiplier 9-bit elements ; 0 / 70 ( 0 % )                                  ;
; Total PLLs                         ; 1 / 4 ( 25 % )                                  ;
+------------------------------------+-------------------------------------------------+


+-----------------------------------------+
; Flow Settings                           ;
+-------------------+---------------------+
; Option            ; Setting             ;
+-------------------+---------------------+
; Start date & time ; 04/08/2015 11:26:12 ;
; Main task         ; Compilation         ;
; Revision Name     ; module_2            ;
+-------------------+---------------------+


+--------------------------------------------------------------------------------------------------------------------------------------------------------------------------+
; Flow Non-Default Global Settings                                                                                                                                         ;
+-------------------------------------+---------------------------------------------------------------------+---------------+---------------------------------+------------+
; Assignment Name                     ; Value                                                               ; Default Value ; Entity Name                     ; Section Id ;
+-------------------------------------+---------------------------------------------------------------------+---------------+---------------------------------+------------+
; COMPILER_SIGNATURE_ID               ; 280344026007716.142851757106508                                     ; --            ; --                              ; --         ;
; IP_TOOL_ENV                         ; Qsys                                                                ; --            ; altera_avalon_sc_fifo           ; --         ;
; IP_TOOL_ENV                         ; Qsys                                                                ; --            ; altera_merlin_burst_adapter     ; --         ;
; IP_TOOL_ENV                         ; Qsys                                                                ; --            ; altera_merlin_master_agent      ; --         ;
; IP_TOOL_ENV                         ; Qsys                                                                ; --            ; altera_merlin_master_translator ; --         ;
; IP_TOOL_ENV                         ; Qsys                                                                ; --            ; altera_merlin_slave_agent       ; --         ;
; IP_TOOL_ENV                         ; Qsys                                                                ; --            ; altera_merlin_slave_translator  ; --         ;
; IP_TOOL_ENV                         ; Qsys                                                                ; --            ; altera_merlin_width_adapter     ; --         ;
; IP_TOOL_ENV                         ; Qsys                                                                ; --            ; altera_reset_controller         ; --         ;
; IP_TOOL_ENV                         ; Qsys                                                                ; --            ; nios_system                     ; --         ;
; IP_TOOL_ENV                         ; Qsys                                                                ; --            ; nios_system_LEDs                ; --         ;
; IP_TOOL_ENV                         ; Qsys                                                                ; --            ; nios_system_addr_router         ; --         ;
; IP_TOOL_ENV                         ; Qsys                                                                ; --            ; nios_system_addr_router_001     ; --         ;
; IP_TOOL_ENV                         ; Qsys                                                                ; --            ; nios_system_addr_router_002     ; --         ;
; IP_TOOL_ENV                         ; Qsys                                                                ; --            ; nios_system_cmd_xbar_demux      ; --         ;
; IP_TOOL_ENV                         ; Qsys                                                                ; --            ; nios_system_cmd_xbar_demux_001  ; --         ;
; IP_TOOL_ENV                         ; Qsys                                                                ; --            ; nios_system_cmd_xbar_demux_002  ; --         ;
; IP_TOOL_ENV                         ; Qsys                                                                ; --            ; nios_system_cmd_xbar_mux        ; --         ;
; IP_TOOL_ENV                         ; Qsys                                                                ; --            ; nios_system_cmd_xbar_mux_002    ; --         ;
; IP_TOOL_ENV                         ; Qsys                                                                ; --            ; nios_system_cmd_xbar_mux_010    ; --         ;
; IP_TOOL_ENV                         ; Qsys                                                                ; --            ; nios_system_de2_ack             ; --         ;
; IP_TOOL_ENV                         ; Qsys                                                                ; --            ; nios_system_dual_port_ram       ; --         ;
; IP_TOOL_ENV                         ; Qsys                                                                ; --            ; nios_system_id_router           ; --         ;
; IP_TOOL_ENV                         ; Qsys                                                                ; --            ; nios_system_id_router_002       ; --         ;
; IP_TOOL_ENV                         ; Qsys                                                                ; --            ; nios_system_id_router_006       ; --         ;
; IP_TOOL_ENV                         ; Qsys                                                                ; --            ; nios_system_id_router_009       ; --         ;
; IP_TOOL_ENV                         ; Qsys                                                                ; --            ; nios_system_id_router_010       ; --         ;
; IP_TOOL_ENV                         ; Qsys                                                                ; --            ; nios_system_irq_mapper          ; --         ;
; IP_TOOL_ENV                         ; Qsys                                                                ; --            ; nios_system_jtag_uart_0         ; --         ;
; IP_TOOL_ENV                         ; Qsys                                                                ; --            ; nios_system_keys                ; --         ;
; IP_TOOL_ENV                         ; Qsys                                                                ; --            ; nios_system_nios2_qsys_0        ; --         ;
; IP_TOOL_ENV                         ; Qsys                                                                ; --            ; nios_system_onchip_memory2_0    ; --         ;
; IP_TOOL_ENV                         ; Qsys                                                                ; --            ; nios_system_pi_request          ; --         ;
; IP_TOOL_ENV                         ; Qsys                                                                ; --            ; nios_system_rsp_xbar_demux      ; --         ;
; IP_TOOL_ENV                         ; Qsys                                                                ; --            ; nios_system_rsp_xbar_demux_002  ; --         ;
; IP_TOOL_ENV                         ; Qsys                                                                ; --            ; nios_system_rsp_xbar_demux_006  ; --         ;
; IP_TOOL_ENV                         ; Qsys                                                                ; --            ; nios_system_rsp_xbar_demux_009  ; --         ;
; IP_TOOL_ENV                         ; Qsys                                                                ; --            ; nios_system_rsp_xbar_demux_010  ; --         ;
; IP_TOOL_ENV                         ; Qsys                                                                ; --            ; nios_system_rsp_xbar_mux        ; --         ;
; IP_TOOL_ENV                         ; Qsys                                                                ; --            ; nios_system_rsp_xbar_mux_001    ; --         ;
; IP_TOOL_ENV                         ; Qsys                                                                ; --            ; nios_system_sdram               ; --         ;
; IP_TOOL_ENV                         ; Qsys                                                                ; --            ; nios_system_timer_system        ; --         ;
; IP_TOOL_NAME                        ; RAM: 2-PORT                                                         ; --            ; --                              ; --         ;
; IP_TOOL_NAME                        ; altera_avalon_sc_fifo                                               ; --            ; altera_avalon_sc_fifo           ; --         ;
; IP_TOOL_NAME                        ; altera_merlin_burst_adapter                                         ; --            ; altera_merlin_burst_adapter     ; --         ;
; IP_TOOL_NAME                        ; altera_merlin_master_agent                                          ; --            ; altera_merlin_master_agent      ; --         ;
; IP_TOOL_NAME                        ; altera_merlin_master_translator                                     ; --            ; altera_merlin_master_translator ; --         ;
; IP_TOOL_NAME                        ; altera_merlin_slave_agent                                           ; --            ; altera_merlin_slave_agent       ; --         ;
; IP_TOOL_NAME                        ; altera_merlin_slave_translator                                      ; --            ; altera_merlin_slave_translator  ; --         ;
; IP_TOOL_NAME                        ; altera_merlin_width_adapter                                         ; --            ; altera_merlin_width_adapter     ; --         ;
; IP_TOOL_NAME                        ; altera_reset_controller                                             ; --            ; altera_reset_controller         ; --         ;
; IP_TOOL_NAME                        ; Qsys                                                                ; --            ; nios_system                     ; --         ;
; IP_TOOL_NAME                        ; altera_avalon_pio                                                   ; --            ; nios_system_LEDs                ; --         ;
; IP_TOOL_NAME                        ; altera_merlin_router                                                ; --            ; nios_system_addr_router         ; --         ;
; IP_TOOL_NAME                        ; altera_merlin_router                                                ; --            ; nios_system_addr_router_001     ; --         ;
; IP_TOOL_NAME                        ; altera_merlin_router                                                ; --            ; nios_system_addr_router_002     ; --         ;
; IP_TOOL_NAME                        ; altera_merlin_demultiplexer                                         ; --            ; nios_system_cmd_xbar_demux      ; --         ;
; IP_TOOL_NAME                        ; altera_merlin_demultiplexer                                         ; --            ; nios_system_cmd_xbar_demux_001  ; --         ;
; IP_TOOL_NAME                        ; altera_merlin_demultiplexer                                         ; --            ; nios_system_cmd_xbar_demux_002  ; --         ;
; IP_TOOL_NAME                        ; altera_merlin_multiplexer                                           ; --            ; nios_system_cmd_xbar_mux        ; --         ;
; IP_TOOL_NAME                        ; altera_merlin_multiplexer                                           ; --            ; nios_system_cmd_xbar_mux_002    ; --         ;
; IP_TOOL_NAME                        ; altera_merlin_multiplexer                                           ; --            ; nios_system_cmd_xbar_mux_010    ; --         ;
; IP_TOOL_NAME                        ; altera_avalon_pio                                                   ; --            ; nios_system_de2_ack             ; --         ;
; IP_TOOL_NAME                        ; altera_avalon_onchip_memory2                                        ; --            ; nios_system_dual_port_ram       ; --         ;
; IP_TOOL_NAME                        ; altera_merlin_router                                                ; --            ; nios_system_id_router           ; --         ;
; IP_TOOL_NAME                        ; altera_merlin_router                                                ; --            ; nios_system_id_router_002       ; --         ;
; IP_TOOL_NAME                        ; altera_merlin_router                                                ; --            ; nios_system_id_router_006       ; --         ;
; IP_TOOL_NAME                        ; altera_merlin_router                                                ; --            ; nios_system_id_router_009       ; --         ;
; IP_TOOL_NAME                        ; altera_merlin_router                                                ; --            ; nios_system_id_router_010       ; --         ;
; IP_TOOL_NAME                        ; altera_irq_mapper                                                   ; --            ; nios_system_irq_mapper          ; --         ;
; IP_TOOL_NAME                        ; altera_avalon_jtag_uart                                             ; --            ; nios_system_jtag_uart_0         ; --         ;
; IP_TOOL_NAME                        ; altera_avalon_pio                                                   ; --            ; nios_system_keys                ; --         ;
; IP_TOOL_NAME                        ; altera_nios2_qsys                                                   ; --            ; nios_system_nios2_qsys_0        ; --         ;
; IP_TOOL_NAME                        ; altera_avalon_onchip_memory2                                        ; --            ; nios_system_onchip_memory2_0    ; --         ;
; IP_TOOL_NAME                        ; altera_avalon_pio                                                   ; --            ; nios_system_pi_request          ; --         ;
; IP_TOOL_NAME                        ; altera_merlin_demultiplexer                                         ; --            ; nios_system_rsp_xbar_demux      ; --         ;
; IP_TOOL_NAME                        ; altera_merlin_demultiplexer                                         ; --            ; nios_system_rsp_xbar_demux_002  ; --         ;
; IP_TOOL_NAME                        ; altera_merlin_demultiplexer                                         ; --            ; nios_system_rsp_xbar_demux_006  ; --         ;
; IP_TOOL_NAME                        ; altera_merlin_demultiplexer                                         ; --            ; nios_system_rsp_xbar_demux_009  ; --         ;
; IP_TOOL_NAME                        ; altera_merlin_demultiplexer                                         ; --            ; nios_system_rsp_xbar_demux_010  ; --         ;
; IP_TOOL_NAME                        ; altera_merlin_multiplexer                                           ; --            ; nios_system_rsp_xbar_mux        ; --         ;
; IP_TOOL_NAME                        ; altera_merlin_multiplexer                                           ; --            ; nios_system_rsp_xbar_mux_001    ; --         ;
; IP_TOOL_NAME                        ; altera_avalon_new_sdram_controller                                  ; --            ; nios_system_sdram               ; --         ;
; IP_TOOL_NAME                        ; altera_avalon_timer                                                 ; --            ; nios_system_timer_system        ; --         ;
; IP_TOOL_VERSION                     ; 8.0                                                                 ; --            ; --                              ; --         ;
; IP_TOOL_VERSION                     ; 13.0                                                                ; --            ; altera_avalon_sc_fifo           ; --         ;
; IP_TOOL_VERSION                     ; 13.0                                                                ; --            ; altera_merlin_burst_adapter     ; --         ;
; IP_TOOL_VERSION                     ; 13.0                                                                ; --            ; altera_merlin_master_agent      ; --         ;
; IP_TOOL_VERSION                     ; 13.0                                                                ; --            ; altera_merlin_master_translator ; --         ;
; IP_TOOL_VERSION                     ; 13.0                                                                ; --            ; altera_merlin_slave_agent       ; --         ;
; IP_TOOL_VERSION                     ; 13.0                                                                ; --            ; altera_merlin_slave_translator  ; --         ;
; IP_TOOL_VERSION                     ; 13.0                                                                ; --            ; altera_merlin_width_adapter     ; --         ;
; IP_TOOL_VERSION                     ; 13.0                                                                ; --            ; altera_reset_controller         ; --         ;
; IP_TOOL_VERSION                     ; 13.0sp1                                                             ; --            ; nios_system                     ; --         ;
; IP_TOOL_VERSION                     ; 13.0.1.99.2                                                         ; --            ; nios_system_LEDs                ; --         ;
; IP_TOOL_VERSION                     ; 13.0                                                                ; --            ; nios_system_addr_router         ; --         ;
; IP_TOOL_VERSION                     ; 13.0                                                                ; --            ; nios_system_addr_router_001     ; --         ;
; IP_TOOL_VERSION                     ; 13.0                                                                ; --            ; nios_system_addr_router_002     ; --         ;
; IP_TOOL_VERSION                     ; 13.0                                                                ; --            ; nios_system_cmd_xbar_demux      ; --         ;
; IP_TOOL_VERSION                     ; 13.0                                                                ; --            ; nios_system_cmd_xbar_demux_001  ; --         ;
; IP_TOOL_VERSION                     ; 13.0                                                                ; --            ; nios_system_cmd_xbar_demux_002  ; --         ;
; IP_TOOL_VERSION                     ; 13.0                                                                ; --            ; nios_system_cmd_xbar_mux        ; --         ;
; IP_TOOL_VERSION                     ; 13.0                                                                ; --            ; nios_system_cmd_xbar_mux_002    ; --         ;
; IP_TOOL_VERSION                     ; 13.0                                                                ; --            ; nios_system_cmd_xbar_mux_010    ; --         ;
; IP_TOOL_VERSION                     ; 13.0.1.99.2                                                         ; --            ; nios_system_de2_ack             ; --         ;
; IP_TOOL_VERSION                     ; 13.0.1.99.2                                                         ; --            ; nios_system_dual_port_ram       ; --         ;
; IP_TOOL_VERSION                     ; 13.0                                                                ; --            ; nios_system_id_router           ; --         ;
; IP_TOOL_VERSION                     ; 13.0                                                                ; --            ; nios_system_id_router_002       ; --         ;
; IP_TOOL_VERSION                     ; 13.0                                                                ; --            ; nios_system_id_router_006       ; --         ;
; IP_TOOL_VERSION                     ; 13.0                                                                ; --            ; nios_system_id_router_009       ; --         ;
; IP_TOOL_VERSION                     ; 13.0                                                                ; --            ; nios_system_id_router_010       ; --         ;
; IP_TOOL_VERSION                     ; 13.0                                                                ; --            ; nios_system_irq_mapper          ; --         ;
; IP_TOOL_VERSION                     ; 13.0.1.99.2                                                         ; --            ; nios_system_jtag_uart_0         ; --         ;
; IP_TOOL_VERSION                     ; 13.0.1.99.2                                                         ; --            ; nios_system_keys                ; --         ;
; IP_TOOL_VERSION                     ; 13.0                                                                ; --            ; nios_system_nios2_qsys_0        ; --         ;
; IP_TOOL_VERSION                     ; 13.0.1.99.2                                                         ; --            ; nios_system_onchip_memory2_0    ; --         ;
; IP_TOOL_VERSION                     ; 13.0.1.99.2                                                         ; --            ; nios_system_pi_request          ; --         ;
; IP_TOOL_VERSION                     ; 13.0                                                                ; --            ; nios_system_rsp_xbar_demux      ; --         ;
; IP_TOOL_VERSION                     ; 13.0                                                                ; --            ; nios_system_rsp_xbar_demux_002  ; --         ;
; IP_TOOL_VERSION                     ; 13.0                                                                ; --            ; nios_system_rsp_xbar_demux_006  ; --         ;
; IP_TOOL_VERSION                     ; 13.0                                                                ; --            ; nios_system_rsp_xbar_demux_009  ; --         ;
; IP_TOOL_VERSION                     ; 13.0                                                                ; --            ; nios_system_rsp_xbar_demux_010  ; --         ;
; IP_TOOL_VERSION                     ; 13.0                                                                ; --            ; nios_system_rsp_xbar_mux        ; --         ;
; IP_TOOL_VERSION                     ; 13.0                                                                ; --            ; nios_system_rsp_xbar_mux_001    ; --         ;
; IP_TOOL_VERSION                     ; 13.0.1.99.2                                                         ; --            ; nios_system_sdram               ; --         ;
; IP_TOOL_VERSION                     ; 13.0.1.99.2                                                         ; --            ; nios_system_timer_system        ; --         ;
; MAX_CORE_JUNCTION_TEMP              ; 85                                                                  ; --            ; --                              ; --         ;
; MIN_CORE_JUNCTION_TEMP              ; 0                                                                   ; --            ; --                              ; --         ;
; MISC_FILE                           ; nios_system/synthesis/../../nios_system.cmp                         ; --            ; --                              ; --         ;
; MISC_FILE                           ; nios_system/synthesis/../../nios_system.qsys                        ; --            ; --                              ; --         ;
; MISC_FILE                           ; nios_system/synthesis/submodules/Altera_UP_SD_Card_Memory_Block.bsf ; --            ; --                              ; --         ;
; MISC_FILE                           ; nios_system/synthesis/submodules/Altera_UP_SD_Card_Memory_Block.cmp ; --            ; --                              ; --         ;
; PARTITION_COLOR                     ; 16764057                                                            ; --            ; module2                         ; Top        ;
; PARTITION_FITTER_PRESERVATION_LEVEL ; PLACEMENT_AND_ROUTING                                               ; --            ; module2                         ; Top        ;
; PARTITION_NETLIST_TYPE              ; SOURCE                                                              ; --            ; module2                         ; Top        ;
; POWER_BOARD_THERMAL_MODEL           ; None (CONSERVATIVE)                                                 ; --            ; --                              ; --         ;
; POWER_PRESET_COOLING_SOLUTION       ; 23 MM HEAT SINK WITH 200 LFPM AIRFLOW                               ; --            ; --                              ; --         ;
; SLD_INFO                            ; QSYS_NAME nios_system HAS_SOPCINFO 1 GENERATION_ID 1428517542       ; --            ; nios_system                     ; --         ;
; SOPCINFO_FILE                       ; nios_system/synthesis/../../nios_system.sopcinfo                    ; --            ; --                              ; --         ;
; SYNTHESIS_ONLY_QIP                  ; On                                                                  ; --            ; --                              ; --         ;
; TOP_LEVEL_ENTITY                    ; module2                                                             ; module_2      ; --                              ; --         ;
+-------------------------------------+---------------------------------------------------------------------+---------------+---------------------------------+------------+


+-------------------------------------------------------------------------------------------------------------------------------+
; Flow Elapsed Time                                                                                                             ;
+---------------------------+--------------+-------------------------+---------------------+------------------------------------+
; Module Name               ; Elapsed Time ; Average Processors Used ; Peak Virtual Memory ; Total CPU Time (on all processors) ;
+---------------------------+--------------+-------------------------+---------------------+------------------------------------+
; Analysis & Synthesis      ; 00:00:55     ; 1.0                     ; 695 MB              ; 00:00:50                           ;
; Fitter                    ; 00:00:37     ; 1.0                     ; 766 MB              ; 00:00:37                           ;
; Assembler                 ; 00:00:03     ; 1.0                     ; 453 MB              ; 00:00:03                           ;
; TimeQuest Timing Analyzer ; 00:00:03     ; 1.0                     ; 499 MB              ; 00:00:03                           ;
; Total                     ; 00:01:38     ; --                      ; --                  ; 00:01:33                           ;
+---------------------------+--------------+-------------------------+---------------------+------------------------------------+


+----------------------------------------------------------------------------------------+
; Flow OS Summary                                                                        ;
+---------------------------+------------------+-----------+------------+----------------+
; Module Name               ; Machine Hostname ; OS Name   ; OS Version ; Processor type ;
+---------------------------+------------------+-----------+------------+----------------+
; Analysis & Synthesis      ; kyle-tpy         ; Windows 7 ; 6.2        ; x86_64         ;
; Fitter                    ; kyle-tpy         ; Windows 7 ; 6.2        ; x86_64         ;
; Assembler                 ; kyle-tpy         ; Windows 7 ; 6.2        ; x86_64         ;
; TimeQuest Timing Analyzer ; kyle-tpy         ; Windows 7 ; 6.2        ; x86_64         ;
+---------------------------+------------------+-----------+------------+----------------+


------------
; Flow Log ;
------------
quartus_map --read_settings_files=on --write_settings_files=off module_1 -c module_2
quartus_fit --read_settings_files=off --write_settings_files=off module_1 -c module_2
quartus_asm --read_settings_files=off --write_settings_files=off module_1 -c module_2
quartus_sta module_1 -c module_2



