Info: Starting: Create block symbol file (.bsf)
Info: ip-generate --project-directory=C:/Users/Kyle/Dropbox/School/CPEN_Y3_T2/EECE381/Projects/module_1/quartus/ --output-directory=C:/Users/Kyle/Dropbox/School/CPEN_Y3_T2/EECE381/Projects/module_1/quartus/nios_system/ --report-file=bsf:C:/Users/Kyle/Dropbox/School/CPEN_Y3_T2/EECE381/Projects/module_1/quartus/nios_system.bsf --system-info=DEVICE_FAMILY="Cyclone II" --system-info=DEVICE=EP2C35F672C6 --system-info=DEVICE_SPEEDGRADE=6 --component-file=C:/Users/Kyle/Dropbox/School/CPEN_Y3_T2/EECE381/Projects/module_1/quartus/nios_system.qsys
Progress: Loading quartus/nios_system.qsys
Progress: Reading input file
Progress: Adding clk_0 [clock_source 13.0]
Progress: Parameterizing module clk_0
Progress: Adding nios2_qsys_0 [altera_nios2_qsys 13.0]
Progress: Parameterizing module nios2_qsys_0
Progress: Adding onchip_memory2_0 [altera_avalon_onchip_memory2 13.0.1.99.2]
Progress: Parameterizing module onchip_memory2_0
Progress: Adding keys [altera_avalon_pio 13.0.1.99.2]
Progress: Parameterizing module keys
Progress: Adding LEDs [altera_avalon_pio 13.0.1.99.2]
Progress: Parameterizing module LEDs
Progress: Adding jtag_uart_0 [altera_avalon_jtag_uart 13.0.1.99.2]
Progress: Parameterizing module jtag_uart_0
Progress: Adding sdram [altera_avalon_new_sdram_controller 13.0.1.99.2]
Progress: Parameterizing module sdram
Progress: Adding clocks [altera_up_clocks 13.0]
Progress: Parameterizing module clocks
Progress: Adding character_lcd_0 [altera_up_avalon_character_lcd 13.0]
Progress: Parameterizing module character_lcd_0
Progress: Adding timer_system [altera_avalon_timer 13.0.1.99.2]
Progress: Parameterizing module timer_system
Progress: Adding timer_timestamp [altera_avalon_timer 13.0.1.99.2]
Progress: Parameterizing module timer_timestamp
Progress: Adding timer_hardware_0 [altera_avalon_timer 13.0.1.99.2]
Progress: Parameterizing module timer_hardware_0
Progress: Adding sd_card [Altera_UP_SD_Card_Avalon_Interface 13.0]
Progress: Parameterizing module sd_card
Progress: Adding audio_and_video_config_0 [altera_up_avalon_audio_and_video_config 13.0]
Progress: Parameterizing module audio_and_video_config_0
Progress: Adding audio_0 [altera_up_avalon_audio 13.0]
Progress: Parameterizing module audio_0
Progress: Adding ps2_0 [altera_up_avalon_ps2 13.0]
Progress: Parameterizing module ps2_0
Progress: Adding pixel_buffer [altera_up_avalon_sram 13.0]
Progress: Parameterizing module pixel_buffer
Progress: Adding pixel_buffer_dma [altera_up_avalon_video_pixel_buffer_dma 13.0]
Progress: Parameterizing module pixel_buffer_dma
Progress: Adding rgb_sampler [altera_up_avalon_video_rgb_resampler 13.0]
Progress: Parameterizing module rgb_sampler
Progress: Adding scaler [altera_up_avalon_video_scaler 13.0]
Progress: Parameterizing module scaler
Progress: Adding video_fifo [altera_up_avalon_video_dual_clock_buffer 13.0]
Progress: Parameterizing module video_fifo
Progress: Adding vga_controller [altera_up_avalon_video_vga_controller 13.0]
Progress: Parameterizing module vga_controller
Progress: Adding character_buffer [altera_up_avalon_video_character_buffer_with_dma 13.0]
Progress: Parameterizing module character_buffer
Progress: Adding alpha_blender [altera_up_avalon_video_alpha_blender 13.0]
Progress: Parameterizing module alpha_blender
Progress: Building connections
Progress: Parameterizing connections
Progress: Validating
Progress: Done reading input file
Info: nios_system.keys: PIO inputs are not hardwired in test bench. Undefined values will be read from PIO inputs during simulation.
Info: nios_system.rgb_sampler: RGB Resampling: 16 (bits) x 1 (planes) -> 10 (bits) x 3 (planes)
Info: nios_system.scaler: Change in Resolution: 320 x 240 -> 640 x 480
Info: nios_system.vga_controller: Video Output Stream: Format: 640 x 480 with Color: 10 (bits) x 3 (planes)
Info: nios_system.character_buffer: Character Resolution: 80 x 60
Info: ip-generate succeeded.
Info: Finished: Create block symbol file (.bsf)
Info: 
Info: Starting: Create HDL design files for synthesis
Info: ip-generate --project-directory=C:/Users/Kyle/Dropbox/School/CPEN_Y3_T2/EECE381/Projects/module_1/quartus/ --output-directory=C:/Users/Kyle/Dropbox/School/CPEN_Y3_T2/EECE381/Projects/module_1/quartus/nios_system/synthesis/ --file-set=QUARTUS_SYNTH --report-file=sopcinfo:C:/Users/Kyle/Dropbox/School/CPEN_Y3_T2/EECE381/Projects/module_1/quartus/nios_system.sopcinfo --report-file=html:C:/Users/Kyle/Dropbox/School/CPEN_Y3_T2/EECE381/Projects/module_1/quartus/nios_system.html --report-file=qip:C:/Users/Kyle/Dropbox/School/CPEN_Y3_T2/EECE381/Projects/module_1/quartus/nios_system/synthesis/nios_system.qip --report-file=cmp:C:/Users/Kyle/Dropbox/School/CPEN_Y3_T2/EECE381/Projects/module_1/quartus/nios_system.cmp --report-file=svd --system-info=DEVICE_FAMILY="Cyclone II" --system-info=DEVICE=EP2C35F672C6 --system-info=DEVICE_SPEEDGRADE=6 --component-file=C:/Users/Kyle/Dropbox/School/CPEN_Y3_T2/EECE381/Projects/module_1/quartus/nios_system.qsys --language=VERILOG
Progress: Loading quartus/nios_system.qsys
Progress: Reading input file
Progress: Adding clk_0 [clock_source 13.0]
Progress: Parameterizing module clk_0
Progress: Adding nios2_qsys_0 [altera_nios2_qsys 13.0]
Progress: Parameterizing module nios2_qsys_0
Progress: Adding onchip_memory2_0 [altera_avalon_onchip_memory2 13.0.1.99.2]
Progress: Parameterizing module onchip_memory2_0
Progress: Adding keys [altera_avalon_pio 13.0.1.99.2]
Progress: Parameterizing module keys
Progress: Adding LEDs [altera_avalon_pio 13.0.1.99.2]
Progress: Parameterizing module LEDs
Progress: Adding jtag_uart_0 [altera_avalon_jtag_uart 13.0.1.99.2]
Progress: Parameterizing module jtag_uart_0
Progress: Adding sdram [altera_avalon_new_sdram_controller 13.0.1.99.2]
Progress: Parameterizing module sdram
Progress: Adding clocks [altera_up_clocks 13.0]
Progress: Parameterizing module clocks
Progress: Adding character_lcd_0 [altera_up_avalon_character_lcd 13.0]
Progress: Parameterizing module character_lcd_0
Progress: Adding timer_system [altera_avalon_timer 13.0.1.99.2]
Progress: Parameterizing module timer_system
Progress: Adding timer_timestamp [altera_avalon_timer 13.0.1.99.2]
Progress: Parameterizing module timer_timestamp
Progress: Adding timer_hardware_0 [altera_avalon_timer 13.0.1.99.2]
Progress: Parameterizing module timer_hardware_0
Progress: Adding sd_card [Altera_UP_SD_Card_Avalon_Interface 13.0]
Progress: Parameterizing module sd_card
Progress: Adding audio_and_video_config_0 [altera_up_avalon_audio_and_video_config 13.0]
Progress: Parameterizing module audio_and_video_config_0
Progress: Adding audio_0 [altera_up_avalon_audio 13.0]
Progress: Parameterizing module audio_0
Progress: Adding ps2_0 [altera_up_avalon_ps2 13.0]
Progress: Parameterizing module ps2_0
Progress: Adding pixel_buffer [altera_up_avalon_sram 13.0]
Progress: Parameterizing module pixel_buffer
Progress: Adding pixel_buffer_dma [altera_up_avalon_video_pixel_buffer_dma 13.0]
Progress: Parameterizing module pixel_buffer_dma
Progress: Adding rgb_sampler [altera_up_avalon_video_rgb_resampler 13.0]
Progress: Parameterizing module rgb_sampler
Progress: Adding scaler [altera_up_avalon_video_scaler 13.0]
Progress: Parameterizing module scaler
Progress: Adding video_fifo [altera_up_avalon_video_dual_clock_buffer 13.0]
Progress: Parameterizing module video_fifo
Progress: Adding vga_controller [altera_up_avalon_video_vga_controller 13.0]
Progress: Parameterizing module vga_controller
Progress: Adding character_buffer [altera_up_avalon_video_character_buffer_with_dma 13.0]
Progress: Parameterizing module character_buffer
Progress: Adding alpha_blender [altera_up_avalon_video_alpha_blender 13.0]
Progress: Parameterizing module alpha_blender
Progress: Building connections
Progress: Parameterizing connections
Progress: Validating
Progress: Done reading input file
Info: nios_system.keys: PIO inputs are not hardwired in test bench. Undefined values will be read from PIO inputs during simulation.
Info: nios_system.rgb_sampler: RGB Resampling: 16 (bits) x 1 (planes) -> 10 (bits) x 3 (planes)
Info: nios_system.scaler: Change in Resolution: 320 x 240 -> 640 x 480
Info: nios_system.vga_controller: Video Output Stream: Format: 640 x 480 with Color: 10 (bits) x 3 (planes)
Info: nios_system.character_buffer: Character Resolution: 80 x 60
Info: nios_system: Generating nios_system "nios_system" for QUARTUS_SYNTH
Info: pipeline_bridge_swap_transform: After transform: 24 modules, 108 connections
Info: No custom instruction connections, skipping transform 
Info: merlin_translator_transform: After transform: 45 modules, 190 connections
Info: merlin_domain_transform: After transform: 89 modules, 469 connections
Info: merlin_router_transform: After transform: 110 modules, 551 connections
Info: merlin_traffic_limiter_transform: After transform: 112 modules, 561 connections
Info: merlin_burst_transform: After transform: 116 modules, 577 connections
Info: reset_adaptation_transform: After transform: 120 modules, 466 connections
Info: merlin_network_to_switch_transform: After transform: 161 modules, 560 connections
Info: merlin_width_transform: After transform: 171 modules, 590 connections
Info: Inserting clock-crossing logic between cmd_xbar_demux_001.src11 and cmd_xbar_mux_011.sink0
Info: Inserting clock-crossing logic between cmd_xbar_demux_001.src12 and cmd_xbar_mux_012.sink0
Info: Inserting clock-crossing logic between rsp_xbar_demux_011.src0 and rsp_xbar_mux_001.sink11
Info: Inserting clock-crossing logic between rsp_xbar_demux_012.src0 and rsp_xbar_mux_001.sink12
Info: com_altera_sopcmodel_transforms_avalon_ClockCrossingTransform: After transform: 175 modules, 610 connections
Info: limiter_update_transform: After transform: 175 modules, 612 connections
Info: merlin_mm_transform: After transform: 175 modules, 612 connections
Info: merlin_interrupt_mapper_transform: After transform: 176 modules, 615 connections
Info: merlin_interrupt_sync_transform: After transform: 177 modules, 620 connections
Warning: nios_system: "No matching role found for rst_controller:reset_out:reset_req (reset_req)"
Warning: nios_system: "No matching role found for rst_controller:reset_out:reset_req (reset_req)"
Warning: nios_system: "No matching role found for rst_controller:reset_out:reset_req (reset_req)"
Warning: nios_system: "No matching role found for rst_controller:reset_out:reset_req (reset_req)"
Warning: nios_system: "No matching role found for rst_controller:reset_out:reset_req (reset_req)"
Warning: nios_system: "No matching role found for rst_controller:reset_out:reset_req (reset_req)"
Warning: nios_system: "No matching role found for rst_controller:reset_out:reset_req (reset_req)"
Warning: nios_system: "No matching role found for rst_controller:reset_out:reset_req (reset_req)"
Warning: nios_system: "No matching role found for rst_controller:reset_out:reset_req (reset_req)"
Warning: nios_system: "No matching role found for rst_controller:reset_out:reset_req (reset_req)"
Warning: nios_system: "No matching role found for rst_controller:reset_out:reset_req (reset_req)"
Warning: nios_system: "No matching role found for rst_controller:reset_out:reset_req (reset_req)"
Warning: nios_system: "No matching role found for rst_controller:reset_out:reset_req (reset_req)"
Warning: nios_system: "No matching role found for rst_controller:reset_out:reset_req (reset_req)"
Warning: nios_system: "No matching role found for rst_controller:reset_out:reset_req (reset_req)"
Warning: nios_system: "No matching role found for rst_controller:reset_out:reset_req (reset_req)"
Warning: nios_system: "No matching role found for rst_controller:reset_out:reset_req (reset_req)"
Warning: nios_system: "No matching role found for rst_controller:reset_out:reset_req (reset_req)"
Warning: nios_system: "No matching role found for rst_controller:reset_out:reset_req (reset_req)"
Warning: nios_system: "No matching role found for rst_controller:reset_out:reset_req (reset_req)"
Warning: nios_system: "No matching role found for rst_controller:reset_out:reset_req (reset_req)"
Warning: nios_system: "No matching role found for rst_controller:reset_out:reset_req (reset_req)"
Warning: nios_system: "No matching role found for rst_controller:reset_out:reset_req (reset_req)"
Warning: nios_system: "No matching role found for rst_controller:reset_out:reset_req (reset_req)"
Warning: nios_system: "No matching role found for rst_controller:reset_out:reset_req (reset_req)"
Warning: nios_system: "No matching role found for rst_controller:reset_out:reset_req (reset_req)"
Warning: nios_system: "No matching role found for rst_controller:reset_out:reset_req (reset_req)"
Warning: nios_system: "No matching role found for rst_controller:reset_out:reset_req (reset_req)"
Warning: nios_system: "No matching role found for rst_controller:reset_out:reset_req (reset_req)"
Warning: nios_system: "No matching role found for rst_controller:reset_out:reset_req (reset_req)"
Warning: nios_system: "No matching role found for rst_controller:reset_out:reset_req (reset_req)"
Warning: nios_system: "No matching role found for rst_controller:reset_out:reset_req (reset_req)"
Warning: nios_system: "No matching role found for rst_controller:reset_out:reset_req (reset_req)"
Warning: nios_system: "No matching role found for rst_controller:reset_out:reset_req (reset_req)"
Warning: nios_system: "No matching role found for rst_controller:reset_out:reset_req (reset_req)"
Warning: nios_system: "No matching role found for rst_controller:reset_out:reset_req (reset_req)"
Warning: nios_system: "No matching role found for rst_controller:reset_out:reset_req (reset_req)"
Warning: nios_system: "No matching role found for rst_controller:reset_out:reset_req (reset_req)"
Warning: nios_system: "No matching role found for rst_controller:reset_out:reset_req (reset_req)"
Warning: nios_system: "No matching role found for rst_controller:reset_out:reset_req (reset_req)"
Warning: nios_system: "No matching role found for rst_controller:reset_out:reset_req (reset_req)"
Warning: nios_system: "No matching role found for rst_controller:reset_out:reset_req (reset_req)"
Warning: nios_system: "No matching role found for rst_controller:reset_out:reset_req (reset_req)"
Warning: nios_system: "No matching role found for rst_controller:reset_out:reset_req (reset_req)"
Warning: nios_system: "No matching role found for rst_controller:reset_out:reset_req (reset_req)"
Warning: nios_system: "No matching role found for rst_controller:reset_out:reset_req (reset_req)"
Warning: nios_system: "No matching role found for rst_controller:reset_out:reset_req (reset_req)"
Warning: nios_system: "No matching role found for rst_controller:reset_out:reset_req (reset_req)"
Warning: nios_system: "No matching role found for rst_controller:reset_out:reset_req (reset_req)"
Warning: nios_system: "No matching role found for rst_controller:reset_out:reset_req (reset_req)"
Warning: nios_system: "No matching role found for rst_controller:reset_out:reset_req (reset_req)"
Warning: nios_system: "No matching role found for rst_controller:reset_out:reset_req (reset_req)"
Warning: nios_system: "No matching role found for rst_controller:reset_out:reset_req (reset_req)"
Warning: nios_system: "No matching role found for rst_controller:reset_out:reset_req (reset_req)"
Warning: nios_system: "No matching role found for rst_controller:reset_out:reset_req (reset_req)"
Warning: nios_system: "No matching role found for rst_controller:reset_out:reset_req (reset_req)"
Warning: nios_system: "No matching role found for rst_controller:reset_out:reset_req (reset_req)"
Warning: nios_system: "No matching role found for rst_controller:reset_out:reset_req (reset_req)"
Warning: nios_system: "No matching role found for rst_controller:reset_out:reset_req (reset_req)"
Warning: nios_system: "No matching role found for rst_controller:reset_out:reset_req (reset_req)"
Warning: nios_system: "No matching role found for rst_controller:reset_out:reset_req (reset_req)"
Warning: nios_system: "No matching role found for rst_controller:reset_out:reset_req (reset_req)"
Warning: nios_system: "No matching role found for rst_controller:reset_out:reset_req (reset_req)"
Warning: nios_system: "No matching role found for rst_controller:reset_out:reset_req (reset_req)"
Warning: nios_system: "No matching role found for rst_controller:reset_out:reset_req (reset_req)"
Warning: nios_system: "No matching role found for rst_controller:reset_out:reset_req (reset_req)"
Warning: nios_system: "No matching role found for rst_controller:reset_out:reset_req (reset_req)"
Warning: nios_system: "No matching role found for rst_controller:reset_out:reset_req (reset_req)"
Warning: nios_system: "No matching role found for rst_controller:reset_out:reset_req (reset_req)"
Warning: nios_system: "No matching role found for rst_controller:reset_out:reset_req (reset_req)"
Warning: nios_system: "No matching role found for rst_controller:reset_out:reset_req (reset_req)"
Warning: nios_system: "No matching role found for rst_controller:reset_out:reset_req (reset_req)"
Warning: nios_system: "No matching role found for rst_controller:reset_out:reset_req (reset_req)"
Warning: nios_system: "No matching role found for rst_controller:reset_out:reset_req (reset_req)"
Warning: nios_system: "No matching role found for rst_controller:reset_out:reset_req (reset_req)"
Warning: nios_system: "No matching role found for rst_controller:reset_out:reset_req (reset_req)"
Warning: nios_system: "No matching role found for rst_controller:reset_out:reset_req (reset_req)"
Warning: nios_system: "No matching role found for rst_controller:reset_out:reset_req (reset_req)"
Warning: nios_system: "No matching role found for rst_controller:reset_out:reset_req (reset_req)"
Warning: nios_system: "No matching role found for rst_controller:reset_out:reset_req (reset_req)"
Warning: nios_system: "No matching role found for rst_controller:reset_out:reset_req (reset_req)"
Warning: nios_system: "No matching role found for rst_controller:reset_out:reset_req (reset_req)"
Warning: nios_system: "No matching role found for rst_controller:reset_out:reset_req (reset_req)"
Warning: nios_system: "No matching role found for rst_controller:reset_out:reset_req (reset_req)"
Warning: nios_system: "No matching role found for rst_controller:reset_out:reset_req (reset_req)"
Warning: nios_system: "No matching role found for rst_controller:reset_out:reset_req (reset_req)"
Warning: nios_system: "No matching role found for rst_controller:reset_out:reset_req (reset_req)"
Warning: nios_system: "No matching role found for rst_controller:reset_out:reset_req (reset_req)"
Warning: nios_system: "No matching role found for rst_controller:reset_out:reset_req (reset_req)"
Warning: nios_system: "No matching role found for rst_controller:reset_out:reset_req (reset_req)"
Warning: nios_system: "No matching role found for rst_controller:reset_out:reset_req (reset_req)"
Warning: nios_system: "No matching role found for rst_controller:reset_out:reset_req (reset_req)"
Warning: nios_system: "No matching role found for rst_controller:reset_out:reset_req (reset_req)"
Warning: nios_system: "No matching role found for rst_controller:reset_out:reset_req (reset_req)"
Warning: nios_system: "No matching role found for rst_controller:reset_out:reset_req (reset_req)"
Warning: nios_system: "No matching role found for rst_controller:reset_out:reset_req (reset_req)"
Warning: nios_system: "No matching role found for rst_controller:reset_out:reset_req (reset_req)"
Warning: nios_system: "No matching role found for rst_controller:reset_out:reset_req (reset_req)"
Warning: nios_system: "No matching role found for rst_controller:reset_out:reset_req (reset_req)"
Warning: nios_system: "No matching role found for rst_controller:reset_out:reset_req (reset_req)"
Warning: nios_system: "No matching role found for rst_controller:reset_out:reset_req (reset_req)"
Warning: nios_system: "No matching role found for rst_controller:reset_out:reset_req (reset_req)"
Warning: nios_system: "No matching role found for rst_controller:reset_out:reset_req (reset_req)"
Warning: nios_system: "No matching role found for rst_controller:reset_out:reset_req (reset_req)"
Warning: nios_system: "No matching role found for rst_controller:reset_out:reset_req (reset_req)"
Warning: nios_system: "No matching role found for rst_controller:reset_out:reset_req (reset_req)"
Warning: nios_system: "No matching role found for rst_controller:reset_out:reset_req (reset_req)"
Warning: nios_system: "No matching role found for rst_controller:reset_out:reset_req (reset_req)"
Warning: nios_system: "No matching role found for rst_controller:reset_out:reset_req (reset_req)"
Warning: nios_system: "No matching role found for rst_controller:reset_out:reset_req (reset_req)"
Warning: nios_system: "No matching role found for rst_controller:reset_out:reset_req (reset_req)"
Warning: nios_system: "No matching role found for rst_controller:reset_out:reset_req (reset_req)"
Warning: nios_system: "No matching role found for rst_controller:reset_out:reset_req (reset_req)"
Warning: nios_system: "No matching role found for rst_controller:reset_out:reset_req (reset_req)"
Warning: nios_system: "No matching role found for rst_controller:reset_out:reset_req (reset_req)"
Warning: nios_system: "No matching role found for rst_controller:reset_out:reset_req (reset_req)"
Warning: nios_system: "No matching role found for rst_controller:reset_out:reset_req (reset_req)"
Warning: nios_system: "No matching role found for rst_controller:reset_out:reset_req (reset_req)"
Warning: nios_system: "No matching role found for rst_controller:reset_out:reset_req (reset_req)"
Warning: nios_system: "No matching role found for rst_controller:reset_out:reset_req (reset_req)"
Warning: nios_system: "No matching role found for rst_controller:reset_out:reset_req (reset_req)"
Warning: nios_system: "No matching role found for rst_controller:reset_out:reset_req (reset_req)"
Warning: nios_system: "No matching role found for rst_controller:reset_out:reset_req (reset_req)"
Warning: nios_system: "No matching role found for rst_controller:reset_out:reset_req (reset_req)"
Warning: nios_system: "No matching role found for rst_controller:reset_out:reset_req (reset_req)"
Warning: nios_system: "No matching role found for rst_controller:reset_out:reset_req (reset_req)"
Warning: nios_system: "No matching role found for rst_controller:reset_out:reset_req (reset_req)"
Warning: nios_system: "No matching role found for rst_controller:reset_out:reset_req (reset_req)"
Warning: nios_system: "No matching role found for rst_controller:reset_out:reset_req (reset_req)"
Warning: nios_system: "No matching role found for rst_controller:reset_out:reset_req (reset_req)"
Warning: nios_system: "No matching role found for rst_controller:reset_out:reset_req (reset_req)"
Warning: nios_system: "No matching role found for rst_controller:reset_out:reset_req (reset_req)"
Warning: nios_system: "No matching role found for rst_controller:reset_out:reset_req (reset_req)"
Warning: nios_system: "No matching role found for rst_controller:reset_out:reset_req (reset_req)"
Warning: nios_system: "No matching role found for rst_controller:reset_out:reset_req (reset_req)"
Warning: nios_system: "No matching role found for rst_controller:reset_out:reset_req (reset_req)"
Warning: nios_system: "No matching role found for rst_controller:reset_out:reset_req (reset_req)"
Warning: nios_system: "No matching role found for rst_controller:reset_out:reset_req (reset_req)"
Warning: nios_system: "No matching role found for rst_controller:reset_out:reset_req (reset_req)"
Warning: nios_system: "No matching role found for rst_controller:reset_out:reset_req (reset_req)"
Warning: nios_system: "No matching role found for rst_controller:reset_out:reset_req (reset_req)"
Warning: nios_system: "No matching role found for rst_controller:reset_out:reset_req (reset_req)"
Warning: nios_system: "No matching role found for rst_controller:reset_out:reset_req (reset_req)"
Warning: nios_system: "No matching role found for rst_controller:reset_out:reset_req (reset_req)"
Warning: nios_system: "No matching role found for rst_controller:reset_out:reset_req (reset_req)"
Warning: nios_system: "No matching role found for rst_controller:reset_out:reset_req (reset_req)"
Warning: nios_system: "No matching role found for rst_controller:reset_out:reset_req (reset_req)"
Warning: nios_system: "No matching role found for rst_controller:reset_out:reset_req (reset_req)"
Warning: nios_system: "No matching role found for rst_controller:reset_out:reset_req (reset_req)"
Warning: nios_system: "No matching role found for rst_controller:reset_out:reset_req (reset_req)"
Warning: nios_system: "No matching role found for rst_controller:reset_out:reset_req (reset_req)"
Warning: nios_system: "No matching role found for rst_controller:reset_out:reset_req (reset_req)"
Warning: nios_system: "No matching role found for rst_controller:reset_out:reset_req (reset_req)"
Error: Generation stopped, 165 or more modules remaining
Info: nios_system: Done nios_system" with 53 modules, 1 files, 940727 bytes
Error: ip-generate failed with exit code 1: 1 Error, 153 Warnings
Info: Stopping: Create HDL design files for synthesis
