Info: Starting: Create block symbol file (.bsf)
Info: ip-generate --project-directory=C:/Users/Kyle/Dropbox/School/CPEN_Y3_T2/EECE381/Projects/module_2_v2/quartus/ --output-directory=C:/Users/Kyle/Dropbox/School/CPEN_Y3_T2/EECE381/Projects/module_2_v2/quartus/nios_system/ --report-file=bsf:C:/Users/Kyle/Dropbox/School/CPEN_Y3_T2/EECE381/Projects/module_2_v2/quartus/nios_system.bsf --system-info=DEVICE_FAMILY="Cyclone II" --system-info=DEVICE=EP2C35F672C6 --system-info=DEVICE_SPEEDGRADE=6 --component-file=C:/Users/Kyle/Dropbox/School/CPEN_Y3_T2/EECE381/Projects/module_2_v2/quartus/nios_system.qsys
Progress: Loading quartus/nios_system.qsys
Progress: Reading input file
Progress: Adding clk_0 [clock_source 13.0]
Progress: Parameterizing module clk_0
Progress: Adding nios2_qsys_0 [altera_nios2_qsys 13.0]
Progress: Parameterizing module nios2_qsys_0
Progress: Adding onchip_memory2_0 [altera_avalon_onchip_memory2 13.0.1.99.2]
Progress: Parameterizing module onchip_memory2_0
Progress: Adding keys [altera_avalon_pio 13.0.1.99.2]
Progress: Parameterizing module keys
Progress: Adding LEDs [altera_avalon_pio 13.0.1.99.2]
Progress: Parameterizing module LEDs
Progress: Adding jtag_uart_0 [altera_avalon_jtag_uart 13.0.1.99.2]
Progress: Parameterizing module jtag_uart_0
Progress: Adding sdram [altera_avalon_new_sdram_controller 13.0.1.99.2]
Progress: Parameterizing module sdram
Progress: Adding clocks [altera_up_clocks 13.0]
Progress: Parameterizing module clocks
Progress: Adding character_lcd_0 [altera_up_avalon_character_lcd 13.0]
Progress: Parameterizing module character_lcd_0
Progress: Adding timer_system [altera_avalon_timer 13.0.1.99.2]
Progress: Parameterizing module timer_system
Progress: Adding timer_timestamp [altera_avalon_timer 13.0.1.99.2]
Progress: Parameterizing module timer_timestamp
Progress: Adding sd_card [Altera_UP_SD_Card_Avalon_Interface 13.0]
Progress: Parameterizing module sd_card
Progress: Adding pixel_buffer [altera_up_avalon_sram 13.0]
Progress: Parameterizing module pixel_buffer
Progress: Adding pixel_buffer_dma [altera_up_avalon_video_pixel_buffer_dma 13.0]
Progress: Parameterizing module pixel_buffer_dma
Progress: Adding rgb_sampler [altera_up_avalon_video_rgb_resampler 13.0]
Progress: Parameterizing module rgb_sampler
Progress: Adding scaler [altera_up_avalon_video_scaler 13.0]
Progress: Parameterizing module scaler
Progress: Adding video_fifo [altera_up_avalon_video_dual_clock_buffer 13.0]
Progress: Parameterizing module video_fifo
Progress: Adding vga_controller [altera_up_avalon_video_vga_controller 13.0]
Progress: Parameterizing module vga_controller
Progress: Adding line_drawer_0 [line_drawer 1.0]
Progress: Parameterizing module line_drawer_0
Progress: Adding dual_port_ram [altera_avalon_onchip_memory2 13.0.1.99.2]
Progress: Parameterizing module dual_port_ram
Progress: Adding clk_pi [clock_source 13.0]
Progress: Parameterizing module clk_pi
Progress: Building connections
Progress: Parameterizing connections
Progress: Validating
Progress: Done reading input file
Info: nios_system.keys: PIO inputs are not hardwired in test bench. Undefined values will be read from PIO inputs during simulation.
Info: nios_system.rgb_sampler: RGB Resampling: 16 (bits) x 1 (planes) -> 10 (bits) x 3 (planes)
Info: nios_system.scaler: Change in Resolution: 320 x 240 -> 640 x 480
Info: nios_system.vga_controller: Video Output Stream: Format: 640 x 480 with Color: 10 (bits) x 3 (planes)
Info: ip-generate succeeded.
Info: Finished: Create block symbol file (.bsf)
Info: 
Info: Starting: Create HDL design files for synthesis
Info: ip-generate --project-directory=C:/Users/Kyle/Dropbox/School/CPEN_Y3_T2/EECE381/Projects/module_2_v2/quartus/ --output-directory=C:/Users/Kyle/Dropbox/School/CPEN_Y3_T2/EECE381/Projects/module_2_v2/quartus/nios_system/synthesis/ --file-set=QUARTUS_SYNTH --report-file=sopcinfo:C:/Users/Kyle/Dropbox/School/CPEN_Y3_T2/EECE381/Projects/module_2_v2/quartus/nios_system.sopcinfo --report-file=html:C:/Users/Kyle/Dropbox/School/CPEN_Y3_T2/EECE381/Projects/module_2_v2/quartus/nios_system.html --report-file=qip:C:/Users/Kyle/Dropbox/School/CPEN_Y3_T2/EECE381/Projects/module_2_v2/quartus/nios_system/synthesis/nios_system.qip --report-file=cmp:C:/Users/Kyle/Dropbox/School/CPEN_Y3_T2/EECE381/Projects/module_2_v2/quartus/nios_system.cmp --report-file=svd --system-info=DEVICE_FAMILY="Cyclone II" --system-info=DEVICE=EP2C35F672C6 --system-info=DEVICE_SPEEDGRADE=6 --component-file=C:/Users/Kyle/Dropbox/School/CPEN_Y3_T2/EECE381/Projects/module_2_v2/quartus/nios_system.qsys --language=VERILOG
Progress: Loading quartus/nios_system.qsys
Progress: Reading input file
Progress: Adding clk_0 [clock_source 13.0]
Progress: Parameterizing module clk_0
Progress: Adding nios2_qsys_0 [altera_nios2_qsys 13.0]
Progress: Parameterizing module nios2_qsys_0
Progress: Adding onchip_memory2_0 [altera_avalon_onchip_memory2 13.0.1.99.2]
Progress: Parameterizing module onchip_memory2_0
Progress: Adding keys [altera_avalon_pio 13.0.1.99.2]
Progress: Parameterizing module keys
Progress: Adding LEDs [altera_avalon_pio 13.0.1.99.2]
Progress: Parameterizing module LEDs
Progress: Adding jtag_uart_0 [altera_avalon_jtag_uart 13.0.1.99.2]
Progress: Parameterizing module jtag_uart_0
Progress: Adding sdram [altera_avalon_new_sdram_controller 13.0.1.99.2]
Progress: Parameterizing module sdram
Progress: Adding clocks [altera_up_clocks 13.0]
Progress: Parameterizing module clocks
Progress: Adding character_lcd_0 [altera_up_avalon_character_lcd 13.0]
Progress: Parameterizing module character_lcd_0
Progress: Adding timer_system [altera_avalon_timer 13.0.1.99.2]
Progress: Parameterizing module timer_system
Progress: Adding timer_timestamp [altera_avalon_timer 13.0.1.99.2]
Progress: Parameterizing module timer_timestamp
Progress: Adding sd_card [Altera_UP_SD_Card_Avalon_Interface 13.0]
Progress: Parameterizing module sd_card
Progress: Adding pixel_buffer [altera_up_avalon_sram 13.0]
Progress: Parameterizing module pixel_buffer
Progress: Adding pixel_buffer_dma [altera_up_avalon_video_pixel_buffer_dma 13.0]
Progress: Parameterizing module pixel_buffer_dma
Progress: Adding rgb_sampler [altera_up_avalon_video_rgb_resampler 13.0]
Progress: Parameterizing module rgb_sampler
Progress: Adding scaler [altera_up_avalon_video_scaler 13.0]
Progress: Parameterizing module scaler
Progress: Adding video_fifo [altera_up_avalon_video_dual_clock_buffer 13.0]
Progress: Parameterizing module video_fifo
Progress: Adding vga_controller [altera_up_avalon_video_vga_controller 13.0]
Progress: Parameterizing module vga_controller
Progress: Adding line_drawer_0 [line_drawer 1.0]
Progress: Parameterizing module line_drawer_0
Progress: Adding dual_port_ram [altera_avalon_onchip_memory2 13.0.1.99.2]
Progress: Parameterizing module dual_port_ram
Progress: Adding clk_pi [clock_source 13.0]
Progress: Parameterizing module clk_pi
Progress: Building connections
Progress: Parameterizing connections
Progress: Validating
Progress: Done reading input file
Info: nios_system.keys: PIO inputs are not hardwired in test bench. Undefined values will be read from PIO inputs during simulation.
Info: nios_system.rgb_sampler: RGB Resampling: 16 (bits) x 1 (planes) -> 10 (bits) x 3 (planes)
Info: nios_system.scaler: Change in Resolution: 320 x 240 -> 640 x 480
Info: nios_system.vga_controller: Video Output Stream: Format: 640 x 480 with Color: 10 (bits) x 3 (planes)
Info: nios_system: Generating nios_system "nios_system" for QUARTUS_SYNTH
Info: pipeline_bridge_swap_transform: After transform: 21 modules, 95 connections
Info: No custom instruction connections, skipping transform 
Info: merlin_translator_transform: After transform: 39 modules, 167 connections
Info: merlin_domain_transform: After transform: 74 modules, 399 connections
Info: merlin_router_transform: After transform: 92 modules, 471 connections
Info: merlin_traffic_limiter_transform: After transform: 93 modules, 476 connections
Info: merlin_burst_transform: After transform: 97 modules, 492 connections
Info: reset_adaptation_transform: After transform: 102 modules, 391 connections
Info: merlin_network_to_switch_transform: After transform: 137 modules, 471 connections
Info: merlin_width_transform: After transform: 147 modules, 501 connections
Info: limiter_update_transform: After transform: 147 modules, 502 connections
Info: merlin_mm_transform: After transform: 147 modules, 502 connections
Info: merlin_interrupt_mapper_transform: After transform: 148 modules, 505 connections
Warning: nios_system: "No matching role found for rst_controller:reset_out:reset_req (reset_req)"
Warning: nios_system: "No matching role found for rst_controller:reset_out:reset_req (reset_req)"
Warning: nios_system: "No matching role found for rst_controller:reset_out:reset_req (reset_req)"
Warning: nios_system: "No matching role found for rst_controller:reset_out:reset_req (reset_req)"
Warning: nios_system: "No matching role found for rst_controller:reset_out:reset_req (reset_req)"
Warning: nios_system: "No matching role found for rst_controller:reset_out:reset_req (reset_req)"
Warning: nios_system: "No matching role found for rst_controller:reset_out:reset_req (reset_req)"
Warning: nios_system: "No matching role found for rst_controller:reset_out:reset_req (reset_req)"
Warning: nios_system: "No matching role found for rst_controller:reset_out:reset_req (reset_req)"
Warning: nios_system: "No matching role found for rst_controller:reset_out:reset_req (reset_req)"
Warning: nios_system: "No matching role found for rst_controller:reset_out:reset_req (reset_req)"
Warning: nios_system: "No matching role found for rst_controller:reset_out:reset_req (reset_req)"
Warning: nios_system: "No matching role found for rst_controller:reset_out:reset_req (reset_req)"
Warning: nios_system: "No matching role found for rst_controller:reset_out:reset_req (reset_req)"
Warning: nios_system: "No matching role found for rst_controller:reset_out:reset_req (reset_req)"
Warning: nios_system: "No matching role found for rst_controller:reset_out:reset_req (reset_req)"
Warning: nios_system: "No matching role found for rst_controller:reset_out:reset_req (reset_req)"
Warning: nios_system: "No matching role found for rst_controller:reset_out:reset_req (reset_req)"
Warning: nios_system: "No matching role found for rst_controller:reset_out:reset_req (reset_req)"
Warning: nios_system: "No matching role found for rst_controller:reset_out:reset_req (reset_req)"
Warning: nios_system: "No matching role found for rst_controller:reset_out:reset_req (reset_req)"
Warning: nios_system: "No matching role found for rst_controller:reset_out:reset_req (reset_req)"
Warning: nios_system: "No matching role found for rst_controller:reset_out:reset_req (reset_req)"
Warning: nios_system: "No matching role found for rst_controller:reset_out:reset_req (reset_req)"
Warning: nios_system: "No matching role found for rst_controller:reset_out:reset_req (reset_req)"
Warning: nios_system: "No matching role found for rst_controller:reset_out:reset_req (reset_req)"
Warning: nios_system: "No matching role found for rst_controller:reset_out:reset_req (reset_req)"
Warning: nios_system: "No matching role found for rst_controller:reset_out:reset_req (reset_req)"
Warning: nios_system: "No matching role found for rst_controller:reset_out:reset_req (reset_req)"
Warning: nios_system: "No matching role found for rst_controller:reset_out:reset_req (reset_req)"
Warning: nios_system: "No matching role found for rst_controller:reset_out:reset_req (reset_req)"
Warning: nios_system: "No matching role found for rst_controller:reset_out:reset_req (reset_req)"
Warning: nios_system: "No matching role found for rst_controller:reset_out:reset_req (reset_req)"
Warning: nios_system: "No matching role found for rst_controller:reset_out:reset_req (reset_req)"
Warning: nios_system: "No matching role found for rst_controller:reset_out:reset_req (reset_req)"
Warning: nios_system: "No matching role found for rst_controller:reset_out:reset_req (reset_req)"
Warning: nios_system: "No matching role found for rst_controller:reset_out:reset_req (reset_req)"
Warning: nios_system: "No matching role found for rst_controller:reset_out:reset_req (reset_req)"
Warning: nios_system: "No matching role found for rst_controller:reset_out:reset_req (reset_req)"
Warning: nios_system: "No matching role found for rst_controller:reset_out:reset_req (reset_req)"
Warning: nios_system: "No matching role found for rst_controller:reset_out:reset_req (reset_req)"
Warning: nios_system: "No matching role found for rst_controller:reset_out:reset_req (reset_req)"
Warning: nios_system: "No matching role found for rst_controller:reset_out:reset_req (reset_req)"
Warning: nios_system: "No matching role found for rst_controller:reset_out:reset_req (reset_req)"
Warning: nios_system: "No matching role found for rst_controller:reset_out:reset_req (reset_req)"
Warning: nios_system: "No matching role found for rst_controller:reset_out:reset_req (reset_req)"
Warning: nios_system: "No matching role found for rst_controller:reset_out:reset_req (reset_req)"
Warning: nios_system: "No matching role found for rst_controller:reset_out:reset_req (reset_req)"
Warning: nios_system: "No matching role found for rst_controller:reset_out:reset_req (reset_req)"
Warning: nios_system: "No matching role found for rst_controller:reset_out:reset_req (reset_req)"
Warning: nios_system: "No matching role found for rst_controller:reset_out:reset_req (reset_req)"
Warning: nios_system: "No matching role found for rst_controller:reset_out:reset_req (reset_req)"
Warning: nios_system: "No matching role found for rst_controller:reset_out:reset_req (reset_req)"
Warning: nios_system: "No matching role found for rst_controller:reset_out:reset_req (reset_req)"
Warning: nios_system: "No matching role found for rst_controller:reset_out:reset_req (reset_req)"
Warning: nios_system: "No matching role found for rst_controller:reset_out:reset_req (reset_req)"
Warning: nios_system: "No matching role found for rst_controller:reset_out:reset_req (reset_req)"
Warning: nios_system: "No matching role found for rst_controller:reset_out:reset_req (reset_req)"
Warning: nios_system: "No matching role found for rst_controller:reset_out:reset_req (reset_req)"
Warning: nios_system: "No matching role found for rst_controller:reset_out:reset_req (reset_req)"
Warning: nios_system: "No matching role found for rst_controller:reset_out:reset_req (reset_req)"
Warning: nios_system: "No matching role found for rst_controller:reset_out:reset_req (reset_req)"
Warning: nios_system: "No matching role found for rst_controller:reset_out:reset_req (reset_req)"
Warning: nios_system: "No matching role found for rst_controller:reset_out:reset_req (reset_req)"
Warning: nios_system: "No matching role found for rst_controller:reset_out:reset_req (reset_req)"
Warning: nios_system: "No matching role found for rst_controller:reset_out:reset_req (reset_req)"
Warning: nios_system: "No matching role found for rst_controller:reset_out:reset_req (reset_req)"
Warning: nios_system: "No matching role found for rst_controller:reset_out:reset_req (reset_req)"
Warning: nios_system: "No matching role found for rst_controller:reset_out:reset_req (reset_req)"
Warning: nios_system: "No matching role found for rst_controller:reset_out:reset_req (reset_req)"
Warning: nios_system: "No matching role found for rst_controller:reset_out:reset_req (reset_req)"
Warning: nios_system: "No matching role found for rst_controller:reset_out:reset_req (reset_req)"
Warning: nios_system: "No matching role found for rst_controller:reset_out:reset_req (reset_req)"
Warning: nios_system: "No matching role found for rst_controller:reset_out:reset_req (reset_req)"
Warning: nios_system: "No matching role found for rst_controller:reset_out:reset_req (reset_req)"
Warning: nios_system: "No matching role found for rst_controller:reset_out:reset_req (reset_req)"
Warning: nios_system: "No matching role found for rst_controller:reset_out:reset_req (reset_req)"
Warning: nios_system: "No matching role found for rst_controller:reset_out:reset_req (reset_req)"
Warning: nios_system: "No matching role found for rst_controller:reset_out:reset_req (reset_req)"
Warning: nios_system: "No matching role found for rst_controller:reset_out:reset_req (reset_req)"
Warning: nios_system: "No matching role found for rst_controller:reset_out:reset_req (reset_req)"
Warning: nios_system: "No matching role found for rst_controller:reset_out:reset_req (reset_req)"
Warning: nios_system: "No matching role found for rst_controller:reset_out:reset_req (reset_req)"
Warning: nios_system: "No matching role found for rst_controller:reset_out:reset_req (reset_req)"
Warning: nios_system: "No matching role found for rst_controller:reset_out:reset_req (reset_req)"
Warning: nios_system: "No matching role found for rst_controller:reset_out:reset_req (reset_req)"
Warning: nios_system: "No matching role found for rst_controller:reset_out:reset_req (reset_req)"
Warning: nios_system: "No matching role found for rst_controller:reset_out:reset_req (reset_req)"
Warning: nios_system: "No matching role found for rst_controller:reset_out:reset_req (reset_req)"
Warning: nios_system: "No matching role found for rst_controller:reset_out:reset_req (reset_req)"
Warning: nios_system: "No matching role found for rst_controller:reset_out:reset_req (reset_req)"
Warning: nios_system: "No matching role found for rst_controller:reset_out:reset_req (reset_req)"
Warning: nios_system: "No matching role found for rst_controller:reset_out:reset_req (reset_req)"
Warning: nios_system: "No matching role found for rst_controller:reset_out:reset_req (reset_req)"
Warning: nios_system: "No matching role found for rst_controller:reset_out:reset_req (reset_req)"
Warning: nios_system: "No matching role found for rst_controller:reset_out:reset_req (reset_req)"
Warning: nios_system: "No matching role found for rst_controller:reset_out:reset_req (reset_req)"
Warning: nios_system: "No matching role found for rst_controller:reset_out:reset_req (reset_req)"
Warning: nios_system: "No matching role found for rst_controller:reset_out:reset_req (reset_req)"
Warning: nios_system: "No matching role found for rst_controller:reset_out:reset_req (reset_req)"
Warning: nios_system: "No matching role found for rst_controller:reset_out:reset_req (reset_req)"
Warning: nios_system: "No matching role found for rst_controller:reset_out:reset_req (reset_req)"
Warning: nios_system: "No matching role found for rst_controller:reset_out:reset_req (reset_req)"
Warning: nios_system: "No matching role found for rst_controller:reset_out:reset_req (reset_req)"
Warning: nios_system: "No matching role found for rst_controller:reset_out:reset_req (reset_req)"
Warning: nios_system: "No matching role found for rst_controller:reset_out:reset_req (reset_req)"
Warning: nios_system: "No matching role found for rst_controller:reset_out:reset_req (reset_req)"
Warning: nios_system: "No matching role found for rst_controller:reset_out:reset_req (reset_req)"
Warning: nios_system: "No matching role found for rst_controller:reset_out:reset_req (reset_req)"
Warning: nios_system: "No matching role found for rst_controller:reset_out:reset_req (reset_req)"
Warning: nios_system: "No matching role found for rst_controller:reset_out:reset_req (reset_req)"
Warning: nios_system: "No matching role found for rst_controller:reset_out:reset_req (reset_req)"
Warning: nios_system: "No matching role found for rst_controller:reset_out:reset_req (reset_req)"
Warning: nios_system: "No matching role found for rst_controller:reset_out:reset_req (reset_req)"
Warning: nios_system: "No matching role found for rst_controller:reset_out:reset_req (reset_req)"
Warning: nios_system: "No matching role found for rst_controller:reset_out:reset_req (reset_req)"
Warning: nios_system: "No matching role found for rst_controller:reset_out:reset_req (reset_req)"
Warning: nios_system: "No matching role found for rst_controller:reset_out:reset_req (reset_req)"
Warning: nios_system: "No matching role found for rst_controller:reset_out:reset_req (reset_req)"
Warning: nios_system: "No matching role found for rst_controller:reset_out:reset_req (reset_req)"
Warning: nios_system: "No matching role found for rst_controller:reset_out:reset_req (reset_req)"
Warning: nios_system: "No matching role found for rst_controller:reset_out:reset_req (reset_req)"
Warning: nios_system: "No matching role found for rst_controller:reset_out:reset_req (reset_req)"
Warning: nios_system: "No matching role found for rst_controller:reset_out:reset_req (reset_req)"
Warning: nios_system: "No matching role found for rst_controller:reset_out:reset_req (reset_req)"
Warning: nios_system: "No matching role found for rst_controller:reset_out:reset_req (reset_req)"
Warning: nios_system: "No matching role found for rst_controller:reset_out:reset_req (reset_req)"
Warning: nios_system: "No matching role found for rst_controller:reset_out:reset_req (reset_req)"
Warning: nios_system: "No matching role found for rst_controller:reset_out:reset_req (reset_req)"
Warning: nios_system: "No matching role found for rst_controller:reset_out:reset_req (reset_req)"
Warning: nios_system: "No matching role found for rst_controller:reset_out:reset_req (reset_req)"
Warning: nios_system: "No matching role found for rst_controller:reset_out:reset_req (reset_req)"
Warning: nios_system: "No matching role found for rst_controller:reset_out:reset_req (reset_req)"
Warning: nios_system: "No matching role found for rst_controller:reset_out:reset_req (reset_req)"
Warning: nios_system: "No matching role found for rst_controller:reset_out:reset_req (reset_req)"
Warning: nios_system: "No matching role found for rst_controller:reset_out:reset_req (reset_req)"
Warning: nios_system: "No matching role found for rst_controller:reset_out:reset_req (reset_req)"
Info: nios2_qsys_0: Starting RTL generation for module 'nios_system_nios2_qsys_0'
Info: nios2_qsys_0:   Generation command is [exec C:/altera/13.0sp1/quartus/../ip/altera/nios2_ip/altera_nios2/eperl.exe -I C:/altera/13.0sp1/quartus/common/ip/altera/common/perl/5.8.3 -I C:/altera/13.0sp1/quartus/sopc_builder/bin/europa -I C:/altera/13.0sp1/quartus/sopc_builder/bin/perl_lib -I C:/altera/13.0sp1/quartus/sopc_builder/bin -I C:/altera/13.0sp1/quartus/../ip/altera/nios2_ip/altera_nios2/cpu_lib -I C:/altera/13.0sp1/quartus/../ip/altera/nios2_ip/altera_nios2/nios_lib -I C:/altera/13.0sp1/quartus/../ip/altera/nios2_ip/altera_nios2 -I C:/altera/13.0sp1/quartus/../ip/altera/nios2_ip/altera_nios2 -- C:/altera/13.0sp1/quartus/../ip/altera/nios2_ip/altera_nios2/generate_rtl.epl --name=nios_system_nios2_qsys_0 --dir=C:/Users/Kyle/AppData/Local/Temp/alt6512_1575900769422927578.dir/0193_nios2_qsys_0_gen/ --quartus_dir=C:/altera/13.0sp1/quartus --verilog --config=C:/Users/Kyle/AppData/Local/Temp/alt6512_1575900769422927578.dir/0193_nios2_qsys_0_gen//nios_system_nios2_qsys_0_processor_configuration.pl  --do_build_sim=0    --bogus  ]
Info: nios2_qsys_0: # 2015.03.18 11:50:50 (*) Starting Nios II generation
Info: nios2_qsys_0: # 2015.03.18 11:50:50 (*)   Checking for plaintext license.
Info: nios2_qsys_0: # 2015.03.18 11:50:50 (*)   Couldn't query license setup in Quartus directory C:/altera/13.0sp1/quartus
Info: nios2_qsys_0: # 2015.03.18 11:50:50 (*)   Defaulting to contents of LM_LICENSE_FILE environment variable
Info: nios2_qsys_0: # 2015.03.18 11:50:50 (*)   LM_LICENSE_FILE environment variable is empty
Info: nios2_qsys_0: # 2015.03.18 11:50:50 (*)   Plaintext license not found.
Info: nios2_qsys_0: # 2015.03.18 11:50:50 (*)   Checking for encrypted license (non-evaluation).
Info: nios2_qsys_0: # 2015.03.18 11:50:51 (*)   Couldn't query license setup in Quartus directory C:/altera/13.0sp1/quartus
Info: nios2_qsys_0: # 2015.03.18 11:50:51 (*)   Defaulting to contents of LM_LICENSE_FILE environment variable
Info: nios2_qsys_0: # 2015.03.18 11:50:51 (*)   LM_LICENSE_FILE environment variable is empty
Info: nios2_qsys_0: # 2015.03.18 11:50:51 (*)   Encrypted license not found.  Defaulting to OCP evaluation license (produces a time-limited SOF)
Info: nios2_qsys_0: # 2015.03.18 11:50:51 (*)   Elaborating CPU configuration settings
Info: nios2_qsys_0: # 2015.03.18 11:50:51 (*)   Creating all objects for CPU
Info: nios2_qsys_0: # 2015.03.18 11:50:51 (*)     Testbench
Info: nios2_qsys_0: # 2015.03.18 11:50:51 (*)     Instruction decoding
Info: nios2_qsys_0: # 2015.03.18 11:50:51 (*)       Instruction fields
Info: nios2_qsys_0: # 2015.03.18 11:50:52 (*)       Instruction decodes
Info: nios2_qsys_0: # 2015.03.18 11:50:53 (*)       Signals for RTL simulation waveforms
Info: nios2_qsys_0: # 2015.03.18 11:50:53 (*)       Instruction controls
Info: nios2_qsys_0: # 2015.03.18 11:50:53 (*)     Pipeline frontend
Info: nios2_qsys_0: # 2015.03.18 11:50:53 (*)     Pipeline backend
Info: nios2_qsys_0: # 2015.03.18 11:50:57 (*)   Generating RTL from CPU objects
Info: nios2_qsys_0: # 2015.03.18 11:51:02 (*)   Creating encrypted RTL
Info: nios2_qsys_0: # 2015.03.18 11:51:04 (*) Done Nios II generation
Info: nios2_qsys_0: Done RTL generation for module 'nios_system_nios2_qsys_0'
Info: nios2_qsys_0: "nios_system" instantiated altera_nios2_qsys "nios2_qsys_0"
Error: Generation stopped, 136 or more modules remaining
Info: nios_system: Done nios_system" with 50 modules, 16 files, 1294199 bytes
Error: ip-generate failed with exit code 1: 1 Error, 137 Warnings
Info: Stopping: Create HDL design files for synthesis
