Info: Starting: Create block symbol file (.bsf)
Info: ip-generate --project-directory=C:/Users/Kyle/Dropbox/School/CPEN_Y3_T2/EECE381/Projects/module_1/quartus/ --output-directory=C:/Users/Kyle/Dropbox/School/CPEN_Y3_T2/EECE381/Projects/module_1/quartus/nios_system/ --report-file=bsf:C:/Users/Kyle/Dropbox/School/CPEN_Y3_T2/EECE381/Projects/module_1/quartus/nios_system.bsf --system-info=DEVICE_FAMILY="Cyclone II" --system-info=DEVICE=EP2C35F672C6 --system-info=DEVICE_SPEEDGRADE=6 --component-file=C:/Users/Kyle/Dropbox/School/CPEN_Y3_T2/EECE381/Projects/module_1/quartus/nios_system.qsys
Progress: Loading quartus/nios_system.qsys
Progress: Reading input file
Progress: Adding clk_0 [clock_source 13.0]
Progress: Parameterizing module clk_0
Progress: Adding nios2_qsys_0 [altera_nios2_qsys 13.0]
Progress: Parameterizing module nios2_qsys_0
Progress: Adding onchip_memory2_0 [altera_avalon_onchip_memory2 13.0.1.99.2]
Progress: Parameterizing module onchip_memory2_0
Progress: Adding keys [altera_avalon_pio 13.0.1.99.2]
Progress: Parameterizing module keys
Progress: Adding LEDs [altera_avalon_pio 13.0.1.99.2]
Progress: Parameterizing module LEDs
Progress: Adding jtag_uart_0 [altera_avalon_jtag_uart 13.0.1.99.2]
Progress: Parameterizing module jtag_uart_0
Progress: Adding sdram [altera_avalon_new_sdram_controller 13.0.1.99.2]
Progress: Parameterizing module sdram
Progress: Adding clocks [altera_up_clocks 13.0]
Progress: Parameterizing module clocks
Progress: Adding character_lcd_0 [altera_up_avalon_character_lcd 13.0]
Progress: Parameterizing module character_lcd_0
Progress: Adding timer_system [altera_avalon_timer 13.0.1.99.2]
Progress: Parameterizing module timer_system
Progress: Adding timer_timestamp [altera_avalon_timer 13.0.1.99.2]
Progress: Parameterizing module timer_timestamp
Progress: Adding timer_hardware_0 [altera_avalon_timer 13.0.1.99.2]
Progress: Parameterizing module timer_hardware_0
Progress: Adding sd_card [Altera_UP_SD_Card_Avalon_Interface 13.0]
Progress: Parameterizing module sd_card
Progress: Adding audio [altera_up_avalon_audio_and_video_config 13.0]
Progress: Parameterizing module audio
Progress: Adding audio_clock [clock_source 13.0]
Progress: Parameterizing module audio_clock
Progress: Adding audio_0 [altera_up_avalon_audio 13.0]
Progress: Parameterizing module audio_0
Progress: Building connections
Progress: Parameterizing connections
Progress: Validating
Progress: Done reading input file
Info: nios_system.keys: PIO inputs are not hardwired in test bench. Undefined values will be read from PIO inputs during simulation.
Info: ip-generate succeeded.
Info: Finished: Create block symbol file (.bsf)
Info: 
Info: Starting: Create HDL design files for synthesis
Info: ip-generate --project-directory=C:/Users/Kyle/Dropbox/School/CPEN_Y3_T2/EECE381/Projects/module_1/quartus/ --output-directory=C:/Users/Kyle/Dropbox/School/CPEN_Y3_T2/EECE381/Projects/module_1/quartus/nios_system/synthesis/ --file-set=QUARTUS_SYNTH --report-file=sopcinfo:C:/Users/Kyle/Dropbox/School/CPEN_Y3_T2/EECE381/Projects/module_1/quartus/nios_system.sopcinfo --report-file=html:C:/Users/Kyle/Dropbox/School/CPEN_Y3_T2/EECE381/Projects/module_1/quartus/nios_system.html --report-file=qip:C:/Users/Kyle/Dropbox/School/CPEN_Y3_T2/EECE381/Projects/module_1/quartus/nios_system/synthesis/nios_system.qip --report-file=cmp:C:/Users/Kyle/Dropbox/School/CPEN_Y3_T2/EECE381/Projects/module_1/quartus/nios_system.cmp --report-file=svd --system-info=DEVICE_FAMILY="Cyclone II" --system-info=DEVICE=EP2C35F672C6 --system-info=DEVICE_SPEEDGRADE=6 --component-file=C:/Users/Kyle/Dropbox/School/CPEN_Y3_T2/EECE381/Projects/module_1/quartus/nios_system.qsys --language=VERILOG
Progress: Loading quartus/nios_system.qsys
Progress: Reading input file
Progress: Adding clk_0 [clock_source 13.0]
Progress: Parameterizing module clk_0
Progress: Adding nios2_qsys_0 [altera_nios2_qsys 13.0]
Progress: Parameterizing module nios2_qsys_0
Progress: Adding onchip_memory2_0 [altera_avalon_onchip_memory2 13.0.1.99.2]
Progress: Parameterizing module onchip_memory2_0
Progress: Adding keys [altera_avalon_pio 13.0.1.99.2]
Progress: Parameterizing module keys
Progress: Adding LEDs [altera_avalon_pio 13.0.1.99.2]
Progress: Parameterizing module LEDs
Progress: Adding jtag_uart_0 [altera_avalon_jtag_uart 13.0.1.99.2]
Progress: Parameterizing module jtag_uart_0
Progress: Adding sdram [altera_avalon_new_sdram_controller 13.0.1.99.2]
Progress: Parameterizing module sdram
Progress: Adding clocks [altera_up_clocks 13.0]
Progress: Parameterizing module clocks
Progress: Adding character_lcd_0 [altera_up_avalon_character_lcd 13.0]
Progress: Parameterizing module character_lcd_0
Progress: Adding timer_system [altera_avalon_timer 13.0.1.99.2]
Progress: Parameterizing module timer_system
Progress: Adding timer_timestamp [altera_avalon_timer 13.0.1.99.2]
Progress: Parameterizing module timer_timestamp
Progress: Adding timer_hardware_0 [altera_avalon_timer 13.0.1.99.2]
Progress: Parameterizing module timer_hardware_0
Progress: Adding sd_card [Altera_UP_SD_Card_Avalon_Interface 13.0]
Progress: Parameterizing module sd_card
Progress: Adding audio [altera_up_avalon_audio_and_video_config 13.0]
Progress: Parameterizing module audio
Progress: Adding audio_clock [clock_source 13.0]
Progress: Parameterizing module audio_clock
Progress: Adding audio_0 [altera_up_avalon_audio 13.0]
Progress: Parameterizing module audio_0
Progress: Building connections
Progress: Parameterizing connections
Progress: Validating
Progress: Done reading input file
Info: nios_system.keys: PIO inputs are not hardwired in test bench. Undefined values will be read from PIO inputs during simulation.
Info: nios_system: Generating nios_system "nios_system" for QUARTUS_SYNTH
Info: pipeline_bridge_swap_transform: After transform: 16 modules, 69 connections
Info: No custom instruction connections, skipping transform 
Info: merlin_translator_transform: After transform: 31 modules, 129 connections
Info: merlin_domain_transform: After transform: 63 modules, 333 connections
Info: merlin_router_transform: After transform: 78 modules, 393 connections
Info: merlin_traffic_limiter_transform: After transform: 80 modules, 403 connections
Info: merlin_burst_transform: After transform: 82 modules, 411 connections
Info: reset_adaptation_transform: After transform: 86 modules, 329 connections
Info: merlin_network_to_switch_transform: After transform: 115 modules, 401 connections
Info: merlin_width_transform: After transform: 119 modules, 413 connections
Info: Inserting clock-crossing logic between cmd_xbar_demux.src2 and cmd_xbar_mux_002.sink0
Info: Inserting clock-crossing logic between cmd_xbar_demux.src7 and cmd_xbar_mux_007.sink0
Info: Inserting clock-crossing logic between cmd_xbar_demux_001.src2 and cmd_xbar_mux_002.sink1
Info: Inserting clock-crossing logic between cmd_xbar_demux_001.src7 and cmd_xbar_mux_007.sink1
Info: Inserting clock-crossing logic between cmd_xbar_demux_001.src12 and cmd_xbar_mux_012.sink0
Info: Inserting clock-crossing logic between rsp_xbar_demux_002.src0 and rsp_xbar_mux.sink2
Info: Inserting clock-crossing logic between rsp_xbar_demux_002.src1 and rsp_xbar_mux_001.sink2
Info: Inserting clock-crossing logic between rsp_xbar_demux_007.src0 and rsp_xbar_mux.sink7
Info: Inserting clock-crossing logic between rsp_xbar_demux_007.src1 and rsp_xbar_mux_001.sink7
Info: Inserting clock-crossing logic between rsp_xbar_demux_012.src0 and rsp_xbar_mux_001.sink12
Info: com_altera_sopcmodel_transforms_avalon_ClockCrossingTransform: After transform: 129 modules, 463 connections
Info: limiter_update_transform: After transform: 129 modules, 465 connections
Info: merlin_mm_transform: After transform: 129 modules, 465 connections
Info: merlin_interrupt_mapper_transform: After transform: 130 modules, 468 connections
Info: merlin_interrupt_sync_transform: After transform: 131 modules, 473 connections
Warning: nios_system: "No matching role found for rst_controller:reset_out:reset_req (reset_req)"
Warning: nios_system: "No matching role found for rst_controller:reset_out:reset_req (reset_req)"
Warning: nios_system: "No matching role found for rst_controller:reset_out:reset_req (reset_req)"
Warning: nios_system: "No matching role found for rst_controller:reset_out:reset_req (reset_req)"
Warning: nios_system: "No matching role found for rst_controller:reset_out:reset_req (reset_req)"
Warning: nios_system: "No matching role found for rst_controller:reset_out:reset_req (reset_req)"
Warning: nios_system: "No matching role found for rst_controller:reset_out:reset_req (reset_req)"
Warning: nios_system: "No matching role found for rst_controller:reset_out:reset_req (reset_req)"
Warning: nios_system: "No matching role found for rst_controller:reset_out:reset_req (reset_req)"
Warning: nios_system: "No matching role found for rst_controller:reset_out:reset_req (reset_req)"
Warning: nios_system: "No matching role found for rst_controller:reset_out:reset_req (reset_req)"
Warning: nios_system: "No matching role found for rst_controller:reset_out:reset_req (reset_req)"
Warning: nios_system: "No matching role found for rst_controller:reset_out:reset_req (reset_req)"
Warning: nios_system: "No matching role found for rst_controller:reset_out:reset_req (reset_req)"
Warning: nios_system: "No matching role found for rst_controller:reset_out:reset_req (reset_req)"
Warning: nios_system: "No matching role found for rst_controller:reset_out:reset_req (reset_req)"
Warning: nios_system: "No matching role found for rst_controller:reset_out:reset_req (reset_req)"
Warning: nios_system: "No matching role found for rst_controller:reset_out:reset_req (reset_req)"
Warning: nios_system: "No matching role found for rst_controller:reset_out:reset_req (reset_req)"
Warning: nios_system: "No matching role found for rst_controller:reset_out:reset_req (reset_req)"
Warning: nios_system: "No matching role found for rst_controller:reset_out:reset_req (reset_req)"
Warning: nios_system: "No matching role found for rst_controller:reset_out:reset_req (reset_req)"
Warning: nios_system: "No matching role found for rst_controller:reset_out:reset_req (reset_req)"
Warning: nios_system: "No matching role found for rst_controller:reset_out:reset_req (reset_req)"
Warning: nios_system: "No matching role found for rst_controller:reset_out:reset_req (reset_req)"
Warning: nios_system: "No matching role found for rst_controller:reset_out:reset_req (reset_req)"
Warning: nios_system: "No matching role found for rst_controller:reset_out:reset_req (reset_req)"
Warning: nios_system: "No matching role found for rst_controller:reset_out:reset_req (reset_req)"
Warning: nios_system: "No matching role found for rst_controller:reset_out:reset_req (reset_req)"
Warning: nios_system: "No matching role found for rst_controller:reset_out:reset_req (reset_req)"
Warning: nios_system: "No matching role found for rst_controller:reset_out:reset_req (reset_req)"
Warning: nios_system: "No matching role found for rst_controller:reset_out:reset_req (reset_req)"
Warning: nios_system: "No matching role found for rst_controller:reset_out:reset_req (reset_req)"
Warning: nios_system: "No matching role found for rst_controller:reset_out:reset_req (reset_req)"
Warning: nios_system: "No matching role found for rst_controller:reset_out:reset_req (reset_req)"
Warning: nios_system: "No matching role found for rst_controller:reset_out:reset_req (reset_req)"
Warning: nios_system: "No matching role found for rst_controller:reset_out:reset_req (reset_req)"
Warning: nios_system: "No matching role found for rst_controller:reset_out:reset_req (reset_req)"
Warning: nios_system: "No matching role found for rst_controller:reset_out:reset_req (reset_req)"
Warning: nios_system: "No matching role found for rst_controller:reset_out:reset_req (reset_req)"
Warning: nios_system: "No matching role found for rst_controller:reset_out:reset_req (reset_req)"
Warning: nios_system: "No matching role found for rst_controller:reset_out:reset_req (reset_req)"
Warning: nios_system: "No matching role found for rst_controller:reset_out:reset_req (reset_req)"
Warning: nios_system: "No matching role found for rst_controller:reset_out:reset_req (reset_req)"
Warning: nios_system: "No matching role found for rst_controller:reset_out:reset_req (reset_req)"
Warning: nios_system: "No matching role found for rst_controller:reset_out:reset_req (reset_req)"
Warning: nios_system: "No matching role found for rst_controller:reset_out:reset_req (reset_req)"
Warning: nios_system: "No matching role found for rst_controller:reset_out:reset_req (reset_req)"
Warning: nios_system: "No matching role found for rst_controller:reset_out:reset_req (reset_req)"
Warning: nios_system: "No matching role found for rst_controller:reset_out:reset_req (reset_req)"
Warning: nios_system: "No matching role found for rst_controller:reset_out:reset_req (reset_req)"
Warning: nios_system: "No matching role found for rst_controller:reset_out:reset_req (reset_req)"
Warning: nios_system: "No matching role found for rst_controller:reset_out:reset_req (reset_req)"
Warning: nios_system: "No matching role found for rst_controller:reset_out:reset_req (reset_req)"
Warning: nios_system: "No matching role found for rst_controller:reset_out:reset_req (reset_req)"
Warning: nios_system: "No matching role found for rst_controller:reset_out:reset_req (reset_req)"
Warning: nios_system: "No matching role found for rst_controller:reset_out:reset_req (reset_req)"
Warning: nios_system: "No matching role found for rst_controller:reset_out:reset_req (reset_req)"
Warning: nios_system: "No matching role found for rst_controller:reset_out:reset_req (reset_req)"
Warning: nios_system: "No matching role found for rst_controller:reset_out:reset_req (reset_req)"
Warning: nios_system: "No matching role found for rst_controller:reset_out:reset_req (reset_req)"
Warning: nios_system: "No matching role found for rst_controller:reset_out:reset_req (reset_req)"
Warning: nios_system: "No matching role found for rst_controller:reset_out:reset_req (reset_req)"
Warning: nios_system: "No matching role found for rst_controller:reset_out:reset_req (reset_req)"
Warning: nios_system: "No matching role found for rst_controller:reset_out:reset_req (reset_req)"
Warning: nios_system: "No matching role found for rst_controller:reset_out:reset_req (reset_req)"
Warning: nios_system: "No matching role found for rst_controller:reset_out:reset_req (reset_req)"
Warning: nios_system: "No matching role found for rst_controller:reset_out:reset_req (reset_req)"
Warning: nios_system: "No matching role found for rst_controller:reset_out:reset_req (reset_req)"
Warning: nios_system: "No matching role found for rst_controller:reset_out:reset_req (reset_req)"
Warning: nios_system: "No matching role found for rst_controller:reset_out:reset_req (reset_req)"
Warning: nios_system: "No matching role found for rst_controller:reset_out:reset_req (reset_req)"
Warning: nios_system: "No matching role found for rst_controller:reset_out:reset_req (reset_req)"
Warning: nios_system: "No matching role found for rst_controller:reset_out:reset_req (reset_req)"
Warning: nios_system: "No matching role found for rst_controller:reset_out:reset_req (reset_req)"
Warning: nios_system: "No matching role found for rst_controller:reset_out:reset_req (reset_req)"
Warning: nios_system: "No matching role found for rst_controller:reset_out:reset_req (reset_req)"
Warning: nios_system: "No matching role found for rst_controller:reset_out:reset_req (reset_req)"
Warning: nios_system: "No matching role found for rst_controller:reset_out:reset_req (reset_req)"
Warning: nios_system: "No matching role found for rst_controller:reset_out:reset_req (reset_req)"
Warning: nios_system: "No matching role found for rst_controller:reset_out:reset_req (reset_req)"
Warning: nios_system: "No matching role found for rst_controller:reset_out:reset_req (reset_req)"
Warning: nios_system: "No matching role found for rst_controller:reset_out:reset_req (reset_req)"
Warning: nios_system: "No matching role found for rst_controller:reset_out:reset_req (reset_req)"
Warning: nios_system: "No matching role found for rst_controller:reset_out:reset_req (reset_req)"
Warning: nios_system: "No matching role found for rst_controller:reset_out:reset_req (reset_req)"
Warning: nios_system: "No matching role found for rst_controller:reset_out:reset_req (reset_req)"
Warning: nios_system: "No matching role found for rst_controller:reset_out:reset_req (reset_req)"
Warning: nios_system: "No matching role found for rst_controller:reset_out:reset_req (reset_req)"
Warning: nios_system: "No matching role found for rst_controller:reset_out:reset_req (reset_req)"
Warning: nios_system: "No matching role found for rst_controller:reset_out:reset_req (reset_req)"
Warning: nios_system: "No matching role found for rst_controller:reset_out:reset_req (reset_req)"
Warning: nios_system: "No matching role found for rst_controller:reset_out:reset_req (reset_req)"
Warning: nios_system: "No matching role found for rst_controller:reset_out:reset_req (reset_req)"
Warning: nios_system: "No matching role found for rst_controller:reset_out:reset_req (reset_req)"
Warning: nios_system: "No matching role found for rst_controller:reset_out:reset_req (reset_req)"
Info: nios2_qsys_0: Starting RTL generation for module 'nios_system_nios2_qsys_0'
Info: nios2_qsys_0:   Generation command is [exec C:/altera/13.0sp1/quartus/../ip/altera/nios2_ip/altera_nios2/eperl.exe -I C:/altera/13.0sp1/quartus/common/ip/altera/common/perl/5.8.3 -I C:/altera/13.0sp1/quartus/sopc_builder/bin/europa -I C:/altera/13.0sp1/quartus/sopc_builder/bin/perl_lib -I C:/altera/13.0sp1/quartus/sopc_builder/bin -I C:/altera/13.0sp1/quartus/../ip/altera/nios2_ip/altera_nios2/cpu_lib -I C:/altera/13.0sp1/quartus/../ip/altera/nios2_ip/altera_nios2/nios_lib -I C:/altera/13.0sp1/quartus/../ip/altera/nios2_ip/altera_nios2 -I C:/altera/13.0sp1/quartus/../ip/altera/nios2_ip/altera_nios2 -- C:/altera/13.0sp1/quartus/../ip/altera/nios2_ip/altera_nios2/generate_rtl.epl --name=nios_system_nios2_qsys_0 --dir=C:/Users/Kyle/AppData/Local/Temp/alt6461_8035269104904411770.dir/0067_nios2_qsys_0_gen/ --quartus_dir=C:/altera/13.0sp1/quartus --verilog --config=C:/Users/Kyle/AppData/Local/Temp/alt6461_8035269104904411770.dir/0067_nios2_qsys_0_gen//nios_system_nios2_qsys_0_processor_configuration.pl  --do_build_sim=0    --bogus  ]
Info: nios2_qsys_0: # 2015.01.26 16:31:49 (*) Starting Nios II generation
Info: nios2_qsys_0: # 2015.01.26 16:31:49 (*)   Checking for plaintext license.
Info: nios2_qsys_0: # 2015.01.26 16:31:50 (*)   Couldn't query license setup in Quartus directory C:/altera/13.0sp1/quartus
Info: nios2_qsys_0: # 2015.01.26 16:31:50 (*)   Defaulting to contents of LM_LICENSE_FILE environment variable
Info: nios2_qsys_0: # 2015.01.26 16:31:50 (*)   LM_LICENSE_FILE environment variable is empty
Info: nios2_qsys_0: # 2015.01.26 16:31:50 (*)   Plaintext license not found.
Info: nios2_qsys_0: # 2015.01.26 16:31:50 (*)   Checking for encrypted license (non-evaluation).
Info: nios2_qsys_0: # 2015.01.26 16:31:50 (*)   Couldn't query license setup in Quartus directory C:/altera/13.0sp1/quartus
Info: nios2_qsys_0: # 2015.01.26 16:31:50 (*)   Defaulting to contents of LM_LICENSE_FILE environment variable
Info: nios2_qsys_0: # 2015.01.26 16:31:50 (*)   LM_LICENSE_FILE environment variable is empty
Info: nios2_qsys_0: # 2015.01.26 16:31:50 (*)   Encrypted license not found.  Defaulting to OCP evaluation license (produces a time-limited SOF)
Info: nios2_qsys_0: # 2015.01.26 16:31:50 (*)   Elaborating CPU configuration settings
Info: nios2_qsys_0: # 2015.01.26 16:31:51 (*)   Creating all objects for CPU
Info: nios2_qsys_0: # 2015.01.26 16:31:51 (*)     Testbench
Info: nios2_qsys_0: # 2015.01.26 16:31:51 (*)     Instruction decoding
Info: nios2_qsys_0: # 2015.01.26 16:31:51 (*)       Instruction fields
Info: nios2_qsys_0: # 2015.01.26 16:31:51 (*)       Instruction decodes
Info: nios2_qsys_0: # 2015.01.26 16:31:52 (*)       Signals for RTL simulation waveforms
Info: nios2_qsys_0: # 2015.01.26 16:31:52 (*)       Instruction controls
Info: nios2_qsys_0: # 2015.01.26 16:31:52 (*)     Pipeline frontend
Info: nios2_qsys_0: # 2015.01.26 16:31:52 (*)     Pipeline backend
Info: nios2_qsys_0: # 2015.01.26 16:31:55 (*)   Generating RTL from CPU objects
Info: nios2_qsys_0: # 2015.01.26 16:31:58 (*)   Creating encrypted RTL
Info: nios2_qsys_0: # 2015.01.26 16:32:00 (*) Done Nios II generation
Info: nios2_qsys_0: Done RTL generation for module 'nios_system_nios2_qsys_0'
Info: nios2_qsys_0: "nios_system" instantiated altera_nios2_qsys "nios2_qsys_0"
Info: onchip_memory2_0: Starting RTL generation for module 'nios_system_onchip_memory2_0'
Info: onchip_memory2_0:   Generation command is [exec C:/altera/13.0sp1/quartus/bin/perl/bin/perl.exe -I C:/altera/13.0sp1/quartus/common/ip/altera/common/perl/5.8.3 -I C:/altera/13.0sp1/quartus/sopc_builder/bin/europa -I C:/altera/13.0sp1/quartus/sopc_builder/bin/perl_lib -I C:/altera/13.0sp1/quartus/sopc_builder/bin -I C:/altera/13.0sp1/quartus/../ip/altera/sopc_builder_ip/common -I C:/altera/13.0sp1/quartus/../ip/altera/sopc_builder_ip/altera_avalon_onchip_memory2 -- C:/altera/13.0sp1/quartus/../ip/altera/sopc_builder_ip/altera_avalon_onchip_memory2/generate_rtl.pl --name=nios_system_onchip_memory2_0 --dir=C:/Users/Kyle/AppData/Local/Temp/alt6461_8035269104904411770.dir/0068_onchip_memory2_0_gen/ --quartus_dir=C:/altera/13.0sp1/quartus --verilog --config=C:/Users/Kyle/AppData/Local/Temp/alt6461_8035269104904411770.dir/0068_onchip_memory2_0_gen//nios_system_onchip_memory2_0_component_configuration.pl  --do_build_sim=0  ]
Info: onchip_memory2_0: Done RTL generation for module 'nios_system_onchip_memory2_0'
Info: onchip_memory2_0: "nios_system" instantiated altera_avalon_onchip_memory2 "onchip_memory2_0"
Info: keys: Starting RTL generation for module 'nios_system_keys'
Info: keys:   Generation command is [exec C:/altera/13.0sp1/quartus/bin/perl/bin/perl.exe -I C:/altera/13.0sp1/quartus/common/ip/altera/common/perl/5.8.3 -I C:/altera/13.0sp1/quartus/sopc_builder/bin/europa -I C:/altera/13.0sp1/quartus/sopc_builder/bin/perl_lib -I C:/altera/13.0sp1/quartus/sopc_builder/bin -I C:/altera/13.0sp1/quartus/../ip/altera/sopc_builder_ip/common -I C:/altera/13.0sp1/quartus/../ip/altera/sopc_builder_ip/altera_avalon_pio -- C:/altera/13.0sp1/quartus/../ip/altera/sopc_builder_ip/altera_avalon_pio/generate_rtl.pl --name=nios_system_keys --dir=C:/Users/Kyle/AppData/Local/Temp/alt6461_8035269104904411770.dir/0069_keys_gen/ --quartus_dir=C:/altera/13.0sp1/quartus --verilog --config=C:/Users/Kyle/AppData/Local/Temp/alt6461_8035269104904411770.dir/0069_keys_gen//nios_system_keys_component_configuration.pl  --do_build_sim=0  ]
Info: keys: Done RTL generation for module 'nios_system_keys'
Info: keys: "nios_system" instantiated altera_avalon_pio "keys"
Info: LEDs: Starting RTL generation for module 'nios_system_LEDs'
Info: LEDs:   Generation command is [exec C:/altera/13.0sp1/quartus/bin/perl/bin/perl.exe -I C:/altera/13.0sp1/quartus/common/ip/altera/common/perl/5.8.3 -I C:/altera/13.0sp1/quartus/sopc_builder/bin/europa -I C:/altera/13.0sp1/quartus/sopc_builder/bin/perl_lib -I C:/altera/13.0sp1/quartus/sopc_builder/bin -I C:/altera/13.0sp1/quartus/../ip/altera/sopc_builder_ip/common -I C:/altera/13.0sp1/quartus/../ip/altera/sopc_builder_ip/altera_avalon_pio -- C:/altera/13.0sp1/quartus/../ip/altera/sopc_builder_ip/altera_avalon_pio/generate_rtl.pl --name=nios_system_LEDs --dir=C:/Users/Kyle/AppData/Local/Temp/alt6461_8035269104904411770.dir/0070_LEDs_gen/ --quartus_dir=C:/altera/13.0sp1/quartus --verilog --config=C:/Users/Kyle/AppData/Local/Temp/alt6461_8035269104904411770.dir/0070_LEDs_gen//nios_system_LEDs_component_configuration.pl  --do_build_sim=0  ]
Info: LEDs: Done RTL generation for module 'nios_system_LEDs'
Info: LEDs: "nios_system" instantiated altera_avalon_pio "LEDs"
Info: jtag_uart_0: Starting RTL generation for module 'nios_system_jtag_uart_0'
Info: jtag_uart_0:   Generation command is [exec C:/altera/13.0sp1/quartus/bin/perl/bin/perl.exe -I C:/altera/13.0sp1/quartus/common/ip/altera/common/perl/5.8.3 -I C:/altera/13.0sp1/quartus/sopc_builder/bin/europa -I C:/altera/13.0sp1/quartus/sopc_builder/bin/perl_lib -I C:/altera/13.0sp1/quartus/sopc_builder/bin -I C:/altera/13.0sp1/quartus/../ip/altera/sopc_builder_ip/common -I C:/altera/13.0sp1/quartus/../ip/altera/sopc_builder_ip/altera_avalon_jtag_uart -- C:/altera/13.0sp1/quartus/../ip/altera/sopc_builder_ip/altera_avalon_jtag_uart/generate_rtl.pl --name=nios_system_jtag_uart_0 --dir=C:/Users/Kyle/AppData/Local/Temp/alt6461_8035269104904411770.dir/0071_jtag_uart_0_gen/ --quartus_dir=C:/altera/13.0sp1/quartus --verilog --config=C:/Users/Kyle/AppData/Local/Temp/alt6461_8035269104904411770.dir/0071_jtag_uart_0_gen//nios_system_jtag_uart_0_component_configuration.pl  --do_build_sim=0  ]
Info: jtag_uart_0: Done RTL generation for module 'nios_system_jtag_uart_0'
Info: jtag_uart_0: "nios_system" instantiated altera_avalon_jtag_uart "jtag_uart_0"
Info: sdram: Starting RTL generation for module 'nios_system_sdram'
Info: sdram:   Generation command is [exec C:/altera/13.0sp1/quartus/bin/perl/bin/perl.exe -I C:/altera/13.0sp1/quartus/common/ip/altera/common/perl/5.8.3 -I C:/altera/13.0sp1/quartus/sopc_builder/bin/europa -I C:/altera/13.0sp1/quartus/sopc_builder/bin/perl_lib -I C:/altera/13.0sp1/quartus/sopc_builder/bin -I C:/altera/13.0sp1/quartus/../ip/altera/sopc_builder_ip/common -I C:/altera/13.0sp1/quartus/../ip/altera/sopc_builder_ip/altera_avalon_new_sdram_controller -- C:/altera/13.0sp1/quartus/../ip/altera/sopc_builder_ip/altera_avalon_new_sdram_controller/generate_rtl.pl --name=nios_system_sdram --dir=C:/Users/Kyle/AppData/Local/Temp/alt6461_8035269104904411770.dir/0072_sdram_gen/ --quartus_dir=C:/altera/13.0sp1/quartus --verilog --config=C:/Users/Kyle/AppData/Local/Temp/alt6461_8035269104904411770.dir/0072_sdram_gen//nios_system_sdram_component_configuration.pl  --do_build_sim=0  ]
Info: sdram: Done RTL generation for module 'nios_system_sdram'
Info: sdram: "nios_system" instantiated altera_avalon_new_sdram_controller "sdram"
Info: clocks: Starting Generation of Required Clocks for DE-Series Boards
Info: clocks: "nios_system" instantiated altera_up_clocks "clocks"
Info: character_lcd_0: Starting Generation of Character LCD
Info: character_lcd_0: "nios_system" instantiated altera_up_avalon_character_lcd "character_lcd_0"
Info: timer_system: Starting RTL generation for module 'nios_system_timer_system'
Info: timer_system:   Generation command is [exec C:/altera/13.0sp1/quartus/bin/perl/bin/perl.exe -I C:/altera/13.0sp1/quartus/common/ip/altera/common/perl/5.8.3 -I C:/altera/13.0sp1/quartus/sopc_builder/bin/europa -I C:/altera/13.0sp1/quartus/sopc_builder/bin/perl_lib -I C:/altera/13.0sp1/quartus/sopc_builder/bin -I C:/altera/13.0sp1/quartus/../ip/altera/sopc_builder_ip/common -I C:/altera/13.0sp1/quartus/../ip/altera/sopc_builder_ip/altera_avalon_timer -- C:/altera/13.0sp1/quartus/../ip/altera/sopc_builder_ip/altera_avalon_timer/generate_rtl.pl --name=nios_system_timer_system --dir=C:/Users/Kyle/AppData/Local/Temp/alt6461_8035269104904411770.dir/0075_timer_system_gen/ --quartus_dir=C:/altera/13.0sp1/quartus --verilog --config=C:/Users/Kyle/AppData/Local/Temp/alt6461_8035269104904411770.dir/0075_timer_system_gen//nios_system_timer_system_component_configuration.pl  --do_build_sim=0  ]
Info: timer_system: Done RTL generation for module 'nios_system_timer_system'
Info: timer_system: "nios_system" instantiated altera_avalon_timer "timer_system"
Info: sd_card: "nios_system" instantiated Altera_UP_SD_Card_Avalon_Interface "sd_card"
Info: audio: Starting Generation of Audio and Video Config
Info: audio: "nios_system" instantiated altera_up_avalon_audio_and_video_config "audio"
Info: audio_0: Starting Generation of Audio Controller
Info: audio_0: "nios_system" instantiated altera_up_avalon_audio "audio_0"
Info: nios2_qsys_0_instruction_master_translator: "nios_system" instantiated altera_merlin_master_translator "nios2_qsys_0_instruction_master_translator"
Info: nios2_qsys_0_jtag_debug_module_translator: "nios_system" instantiated altera_merlin_slave_translator "nios2_qsys_0_jtag_debug_module_translator"
Info: nios2_qsys_0_instruction_master_translator_avalon_universal_master_0_agent: "nios_system" instantiated altera_merlin_master_agent "nios2_qsys_0_instruction_master_translator_avalon_universal_master_0_agent"
Info: nios2_qsys_0_jtag_debug_module_translator_avalon_universal_slave_0_agent: "nios_system" instantiated altera_merlin_slave_agent "nios2_qsys_0_jtag_debug_module_translator_avalon_universal_slave_0_agent"
Info: nios2_qsys_0_jtag_debug_module_translator_avalon_universal_slave_0_agent_rsp_fifo: "nios_system" instantiated altera_avalon_sc_fifo "nios2_qsys_0_jtag_debug_module_translator_avalon_universal_slave_0_agent_rsp_fifo"
Info: addr_router: "nios_system" instantiated altera_merlin_router "addr_router"
Info: addr_router_001: "nios_system" instantiated altera_merlin_router "addr_router_001"
Info: id_router: "nios_system" instantiated altera_merlin_router "id_router"
Info: id_router_002: "nios_system" instantiated altera_merlin_router "id_router_002"
Info: id_router_008: "nios_system" instantiated altera_merlin_router "id_router_008"
Info: id_router_011: "nios_system" instantiated altera_merlin_router "id_router_011"
Info: limiter: "nios_system" instantiated altera_merlin_traffic_limiter "limiter"
Info: burst_adapter: "nios_system" instantiated altera_merlin_burst_adapter "burst_adapter"
Info: rst_controller: "nios_system" instantiated altera_reset_controller "rst_controller"
Info: cmd_xbar_demux: "nios_system" instantiated altera_merlin_demultiplexer "cmd_xbar_demux"
Info: cmd_xbar_demux_001: "nios_system" instantiated altera_merlin_demultiplexer "cmd_xbar_demux_001"
Info: cmd_xbar_mux: "nios_system" instantiated altera_merlin_multiplexer "cmd_xbar_mux"
Info: rsp_xbar_demux: "nios_system" instantiated altera_merlin_demultiplexer "rsp_xbar_demux"
Info: rsp_xbar_demux_008: "nios_system" instantiated altera_merlin_demultiplexer "rsp_xbar_demux_008"
Info: rsp_xbar_mux: "nios_system" instantiated altera_merlin_multiplexer "rsp_xbar_mux"
Info: Reusing file C:/Users/Kyle/Dropbox/School/CPEN_Y3_T2/EECE381/Projects/module_1/quartus/nios_system/synthesis/submodules/altera_merlin_arbitrator.sv
Info: rsp_xbar_mux_001: "nios_system" instantiated altera_merlin_multiplexer "rsp_xbar_mux_001"
Info: Reusing file C:/Users/Kyle/Dropbox/School/CPEN_Y3_T2/EECE381/Projects/module_1/quartus/nios_system/synthesis/submodules/altera_merlin_arbitrator.sv
Info: width_adapter: "nios_system" instantiated altera_merlin_width_adapter "width_adapter"
Info: Reusing file C:/Users/Kyle/Dropbox/School/CPEN_Y3_T2/EECE381/Projects/module_1/quartus/nios_system/synthesis/submodules/altera_merlin_address_alignment.sv
Info: Reusing file C:/Users/Kyle/Dropbox/School/CPEN_Y3_T2/EECE381/Projects/module_1/quartus/nios_system/synthesis/submodules/altera_merlin_burst_uncompressor.sv
Info: crosser: "nios_system" instantiated altera_avalon_st_handshake_clock_crosser "crosser"
Info: Reusing file C:/Users/Kyle/Dropbox/School/CPEN_Y3_T2/EECE381/Projects/module_1/quartus/nios_system/synthesis/submodules/altera_avalon_st_pipeline_base.v
Info: irq_mapper: "nios_system" instantiated altera_irq_mapper "irq_mapper"
Info: irq_synchronizer: "nios_system" instantiated altera_irq_clock_crosser "irq_synchronizer"
Info: nios_system: Done nios_system" with 38 modules, 231 files, 4062723 bytes
Info: ip-generate succeeded.
Info: Finished: Create HDL design files for synthesis
